2025-05-09 23:56:29,460 - fix_and_run - INFO - Checking Python version...
2025-05-09 23:56:29,478 - fix_and_run - INFO - Checking dependencies...
2025-05-09 23:56:32,976 - fix_and_run - WARNING - Missing packages: python-dotenv, fpdf2, discord-webhook, scikit-learn
2025-05-09 23:56:32,977 - fix_and_run - INFO - Installing missing packages...
2025-05-09 23:56:34,433 - fix_and_run - INFO - Checking required directories...
2025-05-09 23:56:34,437 - fix_and_run - INFO - Fixing simulator.py file...
2025-05-09 23:56:34,448 - fix_and_run - INFO - Created backup of simulator.py at execution\simulator.py.bak
2025-05-09 23:56:34,449 - fix_and_run - INFO - The capital calculation in simulator.py appears to be already fixed
2025-05-09 23:56:34,450 - fix_and_run - INFO - Fixing parameters.py file...
2025-05-09 23:56:34,459 - fix_and_run - INFO - Created backup of parameters.py at config\parameters.py.bak
2025-05-09 23:56:38,492 - fix_and_run - INFO - Running backtest...
2025-05-09 23:56:38,494 - fix_and_run - INFO - Running: C:\Users\jenso\OneDrive\Desktop\desktop 3\AHK\AI TRADING ALGO\venv\Scripts\python.exe backtest.py --start-date 2024-11-10 --end-date 2025-05-09 --strategy hybrid_voting --report --dashboard
2025-05-09 23:56:38,499 - fix_and_run - INFO - Backtest running, please be patient...
2025-05-10 00:20:15,637 - fix_and_run - INFO - Checking Python version...
2025-05-10 00:20:15,640 - fix_and_run - INFO - Checking dependencies...
2025-05-10 00:20:19,507 - fix_and_run - WARNING - Missing packages: python-dotenv, fpdf2, discord-webhook, scikit-learn
2025-05-10 00:20:19,507 - fix_and_run - INFO - Installing missing packages...
2025-05-10 00:20:21,387 - fix_and_run - INFO - Checking required directories...
2025-05-10 00:20:21,392 - fix_and_run - INFO - Fixing simulator.py file...
2025-05-10 00:20:21,394 - fix_and_run - INFO - Created backup of simulator.py at execution\simulator.py.bak
2025-05-10 00:20:21,396 - fix_and_run - INFO - The capital calculation in simulator.py appears to be already fixed
2025-05-10 00:20:21,396 - fix_and_run - INFO - Fixing parameters.py file...
2025-05-10 00:20:21,397 - fix_and_run - INFO - Created backup of parameters.py at config\parameters.py.bak
2025-05-10 00:20:25,998 - fix_and_run - INFO - Starting trading bot...
2025-05-10 00:20:25,999 - fix_and_run - INFO - Running: C:\Users\jenso\OneDrive\Desktop\desktop 3\AHK\AI TRADING ALGO\venv\Scripts\python.exe main.py
2025-05-10 00:20:36,009 - fix_and_run - INFO - Press Ctrl+C in the bot window to stop the bot
2025-05-10 00:24:55,745 - fix_and_run - INFO - Checking Python version...
2025-05-10 00:24:55,747 - fix_and_run - INFO - Checking dependencies...
2025-05-10 00:25:00,490 - fix_and_run - WARNING - Missing packages: python-dotenv, fpdf2, discord-webhook, scikit-learn
2025-05-10 00:25:00,495 - fix_and_run - INFO - Installing missing packages...
2025-05-10 00:25:02,520 - fix_and_run - INFO - Checking required directories...
2025-05-10 00:25:02,524 - fix_and_run - INFO - Fixing simulator.py file...
2025-05-10 00:25:02,526 - fix_and_run - INFO - Created backup of simulator.py at execution\simulator.py.bak
2025-05-10 00:25:02,528 - fix_and_run - INFO - The capital calculation in simulator.py appears to be already fixed
2025-05-10 00:25:02,528 - fix_and_run - INFO - Fixing parameters.py file...
2025-05-10 00:25:02,529 - fix_and_run - INFO - Created backup of parameters.py at config\parameters.py.bak
2025-05-10 00:25:05,243 - fix_and_run - INFO - Starting trading bot...
2025-05-10 00:25:05,247 - fix_and_run - INFO - Running: C:\Users\jenso\OneDrive\Desktop\desktop 3\AHK\AI TRADING ALGO\venv\Scripts\python.exe main.py
2025-05-10 00:25:15,260 - fix_and_run - INFO - Press Ctrl+C in the bot window to stop the bot
2025-05-10 00:35:13,354 - fix_and_run - INFO - Checking Python version...
2025-05-10 00:35:13,356 - fix_and_run - INFO - Checking dependencies...
2025-05-10 00:35:16,501 - fix_and_run - WARNING - Missing packages: python-dotenv, fpdf2, discord-webhook, scikit-learn
2025-05-10 00:35:16,501 - fix_and_run - INFO - Installing missing packages...
2025-05-10 00:35:17,985 - fix_and_run - INFO - Checking required directories...
2025-05-10 00:35:17,988 - fix_and_run - INFO - Fixing simulator.py file...
2025-05-10 00:35:17,990 - fix_and_run - INFO - Created backup of simulator.py at execution\simulator.py.bak
2025-05-10 00:35:17,992 - fix_and_run - INFO - The capital calculation in simulator.py appears to be already fixed
2025-05-10 00:35:17,992 - fix_and_run - INFO - Fixing parameters.py file...
2025-05-10 00:35:17,993 - fix_and_run - INFO - Created backup of parameters.py at config\parameters.py.bak
2025-05-10 00:35:21,017 - fix_and_run - INFO - Starting trading bot...
2025-05-10 00:35:21,018 - fix_and_run - INFO - Running: C:\Users\jenso\OneDrive\Desktop\desktop 3\AHK\AI TRADING ALGO\venv\Scripts\python.exe main.py
2025-05-10 00:35:31,029 - fix_and_run - INFO - Press Ctrl+C in the bot window to stop the bot
2025-05-10 00:43:53,052 - fix_and_run - INFO - Checking Python version...
2025-05-10 00:43:53,054 - fix_and_run - INFO - Checking dependencies...
2025-05-10 00:43:56,293 - fix_and_run - WARNING - Missing packages: python-dotenv, fpdf2, discord-webhook, scikit-learn
2025-05-10 00:43:56,294 - fix_and_run - INFO - Installing missing packages...
2025-05-10 00:43:57,761 - fix_and_run - INFO - Checking required directories...
2025-05-10 00:43:57,766 - fix_and_run - INFO - Fixing simulator.py file...
2025-05-10 00:43:57,769 - fix_and_run - INFO - Created backup of simulator.py at execution\simulator.py.bak
2025-05-10 00:43:57,769 - fix_and_run - INFO - The capital calculation in simulator.py appears to be already fixed
2025-05-10 00:43:57,769 - fix_and_run - INFO - Fixing parameters.py file...
2025-05-10 00:43:57,771 - fix_and_run - INFO - Created backup of parameters.py at config\parameters.py.bak
2025-05-10 00:43:59,661 - fix_and_run - INFO - Starting trading bot...
2025-05-10 00:43:59,662 - fix_and_run - INFO - Running: C:\Users\jenso\OneDrive\Desktop\desktop 3\AHK\AI TRADING ALGO\venv\Scripts\python.exe main.py
2025-05-10 00:44:09,672 - fix_and_run - INFO - Press Ctrl+C in the bot window to stop the bot
2025-05-10 01:21:41,813 - fix_and_run - INFO - Checking Python version...
2025-05-10 01:21:41,815 - fix_and_run - INFO - Checking dependencies...
2025-05-10 01:21:45,039 - fix_and_run - WARNING - Missing packages: python-dotenv, fpdf2, discord-webhook, scikit-learn
2025-05-10 01:21:45,039 - fix_and_run - INFO - Installing missing packages...
2025-05-10 01:21:46,497 - fix_and_run - INFO - Checking required directories...
2025-05-10 01:21:46,501 - fix_and_run - INFO - Fixing simulator.py file...
2025-05-10 01:21:46,502 - fix_and_run - INFO - Created backup of simulator.py at execution\simulator.py.bak
2025-05-10 01:21:46,504 - fix_and_run - INFO - The capital calculation in simulator.py appears to be already fixed
2025-05-10 01:21:46,504 - fix_and_run - INFO - Fixing parameters.py file...
2025-05-10 01:21:46,506 - fix_and_run - INFO - Created backup of parameters.py at config\parameters.py.bak
2025-05-10 01:21:48,427 - fix_and_run - INFO - Starting trading bot...
2025-05-10 01:21:48,428 - fix_and_run - INFO - Running: C:\Users\jenso\OneDrive\Desktop\desktop 3\AHK\AI TRADING ALGO\venv\Scripts\python.exe main.py
2025-05-10 01:21:58,441 - fix_and_run - INFO - Press Ctrl+C in the bot window to stop the bot
2025-05-10 02:16:11,289 - fix_and_run - INFO - Checking Python version...
2025-05-10 02:16:11,292 - fix_and_run - INFO - Checking dependencies...
2025-05-10 02:16:14,438 - fix_and_run - WARNING - Missing packages: python-dotenv, fpdf2, discord-webhook, scikit-learn
2025-05-10 02:16:14,438 - fix_and_run - INFO - Installing missing packages...
2025-05-10 02:16:15,917 - fix_and_run - INFO - Checking required directories...
2025-05-10 02:16:15,921 - fix_and_run - INFO - Fixing simulator.py file...
2025-05-10 02:16:15,922 - fix_and_run - INFO - Created backup of simulator.py at execution\simulator.py.bak
2025-05-10 02:16:15,925 - fix_and_run - INFO - The capital calculation in simulator.py appears to be already fixed
2025-05-10 02:16:15,925 - fix_and_run - INFO - Fixing parameters.py file...
2025-05-10 02:16:15,934 - fix_and_run - INFO - Created backup of parameters.py at config\parameters.py.bak
2025-05-10 02:16:18,371 - fix_and_run - INFO - Starting trading bot...
2025-05-10 02:16:18,372 - fix_and_run - INFO - Running: C:\Users\jenso\OneDrive\Desktop\desktop 3\AHK\AI TRADING ALGO\venv\Scripts\python.exe main.py
2025-05-10 02:16:28,382 - fix_and_run - INFO - Press Ctrl+C in the bot window to stop the bot
2025-05-10 02:28:22,445 - fix_and_run - INFO - Checking Python version...
2025-05-10 02:28:22,447 - fix_and_run - INFO - Checking dependencies...
2025-05-10 02:28:25,411 - fix_and_run - WARNING - Missing packages: python-dotenv, fpdf2, discord-webhook, scikit-learn
2025-05-10 02:28:25,412 - fix_and_run - INFO - Installing missing packages...
2025-05-10 02:28:26,857 - fix_and_run - INFO - Checking required directories...
2025-05-10 02:28:26,861 - fix_and_run - INFO - Fixing simulator.py file...
2025-05-10 02:28:26,863 - fix_and_run - INFO - Created backup of simulator.py at execution\simulator.py.bak
2025-05-10 02:28:26,865 - fix_and_run - INFO - The capital calculation in simulator.py appears to be already fixed
2025-05-10 02:28:26,865 - fix_and_run - INFO - Fixing parameters.py file...
2025-05-10 02:28:26,867 - fix_and_run - INFO - Created backup of parameters.py at config\parameters.py.bak
2025-05-10 02:28:28,595 - fix_and_run - INFO - Starting trading bot...
2025-05-10 02:28:28,596 - fix_and_run - INFO - Running: C:\Users\jenso\OneDrive\Desktop\desktop 3\AHK\AI TRADING ALGO\venv\Scripts\python.exe main.py
2025-05-10 02:28:38,605 - fix_and_run - INFO - Press Ctrl+C in the bot window to stop the bot
2025-05-10 02:42:02,613 - fix_and_run - INFO - Checking Python version...
2025-05-10 02:42:02,616 - fix_and_run - INFO - Checking dependencies...
2025-05-10 02:42:05,822 - fix_and_run - WARNING - Missing packages: python-dotenv, fpdf2, discord-webhook, scikit-learn
2025-05-10 02:42:05,822 - fix_and_run - INFO - Installing missing packages...
2025-05-10 02:42:07,292 - fix_and_run - INFO - Checking required directories...
2025-05-10 02:42:07,297 - fix_and_run - INFO - Fixing simulator.py file...
2025-05-10 02:42:07,298 - fix_and_run - INFO - Created backup of simulator.py at execution\simulator.py.bak
2025-05-10 02:42:07,299 - fix_and_run - INFO - The capital calculation in simulator.py appears to be already fixed
2025-05-10 02:42:07,299 - fix_and_run - INFO - Fixing parameters.py file...
2025-05-10 02:42:07,301 - fix_and_run - INFO - Created backup of parameters.py at config\parameters.py.bak
2025-05-10 02:42:08,498 - fix_and_run - INFO - Starting trading bot...
2025-05-10 02:42:08,498 - fix_and_run - INFO - Running: C:\Users\jenso\OneDrive\Desktop\desktop 3\AHK\AI TRADING ALGO\venv\Scripts\python.exe main.py
2025-05-10 02:42:18,509 - fix_and_run - INFO - Press Ctrl+C in the bot window to stop the bot
2025-05-10 11:38:49,720 - fix_and_run - INFO - Checking Python version...
2025-05-10 11:38:49,756 - fix_and_run - INFO - Checking dependencies...
2025-05-10 11:39:02,460 - fix_and_run - WARNING - Missing packages: python-dotenv, fpdf2, discord-webhook, scikit-learn
2025-05-10 11:39:02,460 - fix_and_run - INFO - Installing missing packages...
2025-05-10 11:39:04,399 - fix_and_run - INFO - Checking required directories...
2025-05-10 11:39:04,403 - fix_and_run - INFO - Fixing simulator.py file...
2025-05-10 11:39:04,418 - fix_and_run - INFO - Created backup of simulator.py at execution\simulator.py.bak
2025-05-10 11:39:04,420 - fix_and_run - INFO - The capital calculation in simulator.py appears to be already fixed
2025-05-10 11:39:04,420 - fix_and_run - INFO - Fixing parameters.py file...
2025-05-10 11:39:04,431 - fix_and_run - INFO - Created backup of parameters.py at config\parameters.py.bak
2025-05-10 11:39:07,391 - fix_and_run - INFO - Starting trading bot...
2025-05-10 11:39:07,391 - fix_and_run - INFO - Running: C:\Users\jenso\OneDrive\Desktop\desktop 3\AHK\AI TRADING ALGO\venv\Scripts\python.exe main.py
2025-05-10 11:39:17,400 - fix_and_run - INFO - Press Ctrl+C in the bot window to stop the bot
