2025-05-09 21:25:02,870 - simulator - INFO - ExecutionSimulator initialized with 10000.00 capital
2025-05-09 21:28:49,082 - simulator - INFO - ExecutionSimulator initialized with 10000.00 capital
2025-05-09 21:29:05,868 - simulator - INFO - Backtest completed: 0 trades, 0.00 USD profit
2025-05-09 21:29:21,899 - simulator - INFO - ExecutionSimulator initialized with 10000.00 capital
2025-05-09 21:29:26,701 - simulator - INFO - Entered long position: 57999.99999999999 units at 1.10076
2025-05-09 21:29:27,513 - simulator - INFO - Exited long position: -115.97 USD (-18.5 pips)
2025-05-09 21:29:28,408 - simulator - INFO - Entered short position: 421000.0 units at 1.09884
2025-05-09 21:29:29,316 - simulator - INFO - Exited short position: -302.22 USD (-5.6 pips)
2025-05-09 21:29:30,257 - simulator - INFO - Entered long position: 3117000.0 units at 1.09939
2025-05-09 21:29:31,010 - simulator - INFO - Exited long position: -2554.70 USD (-6.7 pips)
2025-05-09 21:29:31,781 - simulator - INFO - Entered short position: 22930000.0 units at 1.09874
2025-05-09 21:29:32,531 - simulator - INFO - Exited short position: -35077.88 USD (-13.8 pips)
2025-05-09 21:29:33,385 - simulator - INFO - Entered long position: 169890000.0 units at 1.10005
2025-05-09 21:29:34,149 - simulator - INFO - Exited long position: -204213.27 USD (-10.5 pips)
2025-05-09 21:29:34,965 - simulator - INFO - Entered short position: 1268503000.0 units at 1.09907
2025-05-09 21:29:35,711 - simulator - INFO - Exited short position: -2228445.33 USD (-16.0 pips)
2025-05-09 21:29:36,485 - simulator - INFO - Entered long position: 9386140000.0 units at 1.10062
2025-05-09 21:29:37,239 - simulator - INFO - Exited long position: -10124628.20 USD (-9.2 pips)
2025-05-09 21:29:38,017 - simulator - INFO - Entered short position: 68737204000.0 units at 1.09967
2025-05-09 21:29:38,770 - simulator - INFO - Exited short position: -100216488.24 USD (-13.0 pips)
2025-05-09 21:29:39,697 - simulator - INFO - Entered long position: 512666262000.0 units at 1.10097
2025-05-09 21:29:40,604 - simulator - INFO - Exited long position: -585625222.57 USD (-9.9 pips)
2025-05-09 21:29:41,427 - simulator - INFO - Entered short position: 3767817602000.0005 units at 1.09994
2025-05-09 21:29:42,374 - simulator - INFO - Exited short position: -1260962551.83 USD (-1.8 pips)
2025-05-09 21:29:43,148 - simulator - INFO - Entered long position: 27890277489999.996 units at 1.10009
2025-05-09 21:29:44,051 - simulator - INFO - Exited long position: -18394537214.56 USD (-5.1 pips)
2025-05-09 21:29:44,788 - simulator - INFO - Entered short position: 203920436145000.0 units at 1.09957
2025-05-09 21:29:45,568 - simulator - INFO - Exited short position: -236452117631.32 USD (-10.1 pips)
2025-05-09 21:29:46,297 - simulator - INFO - Entered long position: 1493190106262000.0 units at 1.10062
2025-05-09 21:29:47,155 - simulator - INFO - Exited long position: -2337571394668.48 USD (-14.1 pips)
2025-05-09 21:29:47,971 - simulator - INFO - Entered short position: 1.0968052112041e+16 units at 1.09914
2025-05-09 21:29:48,743 - simulator - INFO - Exited short position: -8467708875693.58 USD (-6.2 pips)
2025-05-09 21:29:49,550 - simulator - INFO - Entered long position: 8.0901172202844e+16 units at 1.09971
2025-05-09 21:29:50,311 - simulator - INFO - Exited long position: -73732549717872.36 USD (-7.6 pips)
2025-05-09 21:29:51,067 - simulator - INFO - Entered short position: 5.98239416476192e+17 units at 1.09901
2025-05-09 21:29:51,837 - simulator - INFO - Exited short position: -1024103871727312.00 USD (-15.6 pips)
2025-05-09 21:29:52,687 - simulator - INFO - Entered long position: 4.430662620898254e+18 units at 1.10054
2025-05-09 21:29:53,578 - simulator - INFO - Exited long position: -6730458303730362.00 USD (-13.7 pips)
2025-05-09 21:29:54,854 - simulator - INFO - Entered short position: 3.2604299200114586e+19 units at 1.09917
2025-05-09 21:29:55,588 - simulator - INFO - Exited short position: -60219655330205376.00 USD (-16.9 pips)
2025-05-09 21:29:56,403 - simulator - INFO - Entered long position: 2.394808538194931e+20 units at 1.10089
2025-05-09 21:29:57,150 - simulator - INFO - Exited long position: -272516858685585472.00 USD (-9.8 pips)
2025-05-09 21:29:57,915 - simulator - INFO - Entered short position: 1.7902108450734014e+21 units at 1.09992
2025-05-09 21:29:58,873 - simulator - INFO - Exited short position: -186605369606872576.00 USD (0.5 pips)
2025-05-09 21:29:59,652 - simulator - INFO - Entered long position: 1.335250517260026e+22 units at 1.09987
2025-05-09 21:30:00,429 - simulator - INFO - Exited long position: -12480437606952329216.00 USD (-7.8 pips)
2025-05-09 21:30:01,184 - simulator - INFO - Entered short position: 9.852634210737586e+22 units at 1.09907
2025-05-09 21:30:02,015 - simulator - INFO - Exited short position: -111979430917077352448.00 USD (-9.8 pips)
2025-05-09 21:30:02,828 - simulator - INFO - Entered long position: 7.335532750466922e+23 units at 1.10003
2025-05-09 21:30:03,668 - simulator - INFO - Exited long position: -570397980277749841920.00 USD (-6.2 pips)
2025-05-09 21:30:04,461 - simulator - INFO - Entered short position: 5.351890386615927e+24 units at 1.09937
2025-05-09 21:30:05,206 - simulator - INFO - Exited short position: -3371713442027352883200.00 USD (-4.8 pips)
2025-05-09 21:30:05,995 - simulator - INFO - Entered long position: 3.954393526695801e+25 units at 1.09986
2025-05-09 21:30:06,808 - simulator - INFO - Exited long position: -7649391112850831835136.00 USD (-0.4 pips)
2025-05-09 21:30:07,572 - simulator - INFO - Entered short position: 2.940837743825531e+26 units at 1.09988
2025-05-09 21:30:09,828 - simulator - INFO - Exited short position: -155641585240320501612544.00 USD (-3.8 pips)
2025-05-09 21:30:11,794 - simulator - INFO - Entered long position: 2.1717570612894515e+27 units at 1.10026
2025-05-09 21:30:13,682 - simulator - INFO - Exited long position: -3360693326202639602417664.00 USD (-13.9 pips)
2025-05-09 21:30:15,702 - simulator - INFO - Entered short position: 1.6147643511440833e+28 units at 1.09892
2025-05-09 21:30:17,784 - simulator - INFO - Exited short position: -12404231224176067462823936.00 USD (-6.1 pips)
2025-05-09 21:30:19,819 - simulator - INFO - Entered long position: 1.1846834666751888e+29 units at 1.09954
2025-05-09 21:30:21,763 - simulator - INFO - Exited long position: -65850831657919198980472832.00 USD (-4.0 pips)
2025-05-09 21:30:23,816 - simulator - INFO - Entered short position: 8.649857168037746e+29 units at 1.09909
2025-05-09 21:30:25,790 - simulator - INFO - Exited short position: -963605689073043816117698560.00 USD (-9.6 pips)
2025-05-09 21:30:27,731 - simulator - INFO - Entered long position: 6.458364073523909e+30 units at 1.10002
2025-05-09 21:30:29,797 - simulator - INFO - Exited long position: -4196430416264801231451455488.00 USD (-5.0 pips)
2025-05-09 21:30:31,743 - simulator - INFO - Entered short position: 4.804656553396401e+31 units at 1.09952
2025-05-09 21:30:33,745 - simulator - INFO - Exited short position: -44028393211208257074859343872.00 USD (-7.6 pips)
2025-05-09 21:30:35,739 - simulator - INFO - Entered long position: 3.577082653036494e+32 units at 1.10022
2025-05-09 21:30:37,732 - simulator - INFO - Exited long position: -299316316727480208521422700544.00 USD (-6.8 pips)
2025-05-09 21:30:39,826 - simulator - INFO - Entered short position: 2.607891380501252e+33 units at 1.09953
2025-05-09 21:30:41,785 - simulator - INFO - Exited short position: -1540268769848418788979284901888.00 USD (-4.4 pips)
2025-05-09 21:30:43,741 - simulator - INFO - Entered long position: 1.9288155500896375e+34 units at 1.09998
2025-05-09 21:30:45,861 - simulator - INFO - Exited long position: 5027638389494594896747988779008.00 USD (4.1 pips)
2025-05-09 21:30:47,725 - simulator - INFO - Entered short position: 1.4085054962583408e+35 units at 1.10039
2025-05-09 21:30:49,829 - simulator - INFO - Exited short position: 116867907379747533803557310431232.00 USD (9.8 pips)
2025-05-09 21:30:51,707 - simulator - INFO - Entered long position: 1.0354247845090024e+36 units at 1.09943
2025-05-09 21:30:53,759 - simulator - INFO - Exited long position: 252835916981531426828875842191360.00 USD (4.0 pips)
2025-05-09 21:30:55,757 - simulator - INFO - Entered short position: 7.67792769008131e+36 units at 1.09987
2025-05-09 21:30:57,832 - simulator - INFO - Exited short position: -1339488739523275832967428877320192.00 USD (-0.2 pips)
2025-05-09 21:30:59,703 - simulator - INFO - Entered long position: 5.641679366412532e+37 units at 1.09995
2025-05-09 21:31:01,775 - simulator - INFO - Exited long position: -36393087644976470846935432207269888.00 USD (-4.9 pips)
2025-05-09 21:31:03,750 - simulator - INFO - Entered short position: 4.199791999008892e+38 units at 1.09950
2025-05-09 21:31:05,774 - simulator - INFO - Exited short position: -519459970005384827132597951329730560.00 USD (-10.8 pips)
2025-05-09 21:31:09,222 - simulator - INFO - Entered long position: 3.051863457899616e+39 units at 1.10066
2025-05-09 21:31:10,127 - simulator - INFO - Exited long position: -6286543349334085459956298820358242304.00 USD (-19.1 pips)
2025-05-09 21:31:11,752 - simulator - INFO - Entered short position: 2.2217866474235473e+40 units at 1.09873
2025-05-09 21:31:13,807 - simulator - INFO - Exited short position: -29408759320864309346783315125786902528.00 USD (-11.7 pips)
2025-05-09 21:31:15,864 - simulator - INFO - Entered long position: 1.6632341691240421e+41 units at 1.09988
2025-05-09 21:31:17,730 - simulator - INFO - Exited long position: -142265762108002375565352936209471504384.00 USD (-7.0 pips)
2025-05-09 21:31:19,701 - simulator - INFO - Entered short position: 1.2169515652592336e+42 units at 1.09917
2025-05-09 21:31:21,764 - simulator - INFO - Exited short position: -1068840955776613235489525012556152832000.00 USD (-7.2 pips)
2025-05-09 21:31:23,746 - simulator - INFO - Entered long position: 8.855825352021833e+42 units at 1.09995
2025-05-09 21:31:25,572 - simulator - INFO - Exited long position: -7065981622755179629964054009662056431616.00 USD (-6.4 pips)
2025-05-09 21:31:27,756 - simulator - INFO - Entered short position: 6.520203608151233e+43 units at 1.09929
2025-05-09 21:31:29,939 - simulator - INFO - Exited short position: -27858349770131945018157035379226826506240.00 USD (-2.7 pips)
2025-05-09 21:31:31,781 - simulator - INFO - Entered long position: 4.851922905100674e+44 units at 1.09957
2025-05-09 21:31:33,777 - simulator - INFO - Exited long position: -50178212775140386945821326889488413097984.00 USD (0.5 pips)
2025-05-09 21:31:35,842 - simulator - INFO - Entered short position: 3.57373318689069e+45 units at 1.09960
2025-05-09 21:31:37,784 - simulator - INFO - Exited short position: -5653108859882238941335783250492515894165504.00 USD (-14.3 pips)
2025-05-09 21:31:39,843 - simulator - INFO - Entered long position: 2.6245507045972614e+46 units at 1.10103
2025-05-09 21:31:41,774 - simulator - INFO - Exited long position: -46248278486377919469264623727243847069073408.00 USD (-16.1 pips)
2025-05-09 21:31:43,954 - simulator - INFO - Entered short position: 1.909800205113484e+47 units at 1.09934
2025-05-09 21:31:45,777 - simulator - INFO - Exited short position: -102204581060877824073923439888843616655769600.00 USD (-3.8 pips)
2025-05-09 21:31:47,703 - simulator - INFO - Entered long position: 1.4187366727480012e+48 units at 1.09975
2025-05-09 21:31:49,776 - simulator - INFO - Exited long position: 600583117460848710597685892868102638836645888.00 USD (5.8 pips)
2025-05-09 21:31:51,729 - simulator - INFO - Entered short position: 1.0419123049407427e+49 units at 1.10027
2025-05-09 21:31:53,670 - simulator - INFO - Exited short position: -7374836888412424221574214692644133503196200960.00 USD (-5.5 pips)
2025-05-09 21:31:56,213 - simulator - INFO - Entered long position: 7.695702320807112e+49 units at 1.10078
2025-05-09 21:31:57,772 - simulator - INFO - Exited long position: -69016931595504202789843976398213577807123972096.00 USD (-7.4 pips)
2025-05-09 21:31:59,780 - simulator - INFO - Entered short position: 5.7370843077284145e+50 units at 1.10011
2025-05-09 21:32:01,764 - simulator - INFO - Exited short position: -430273252565153543298230435611844460602997080064.00 USD (-6.0 pips)
2025-05-09 21:32:03,668 - simulator - INFO - Entered long position: 4.205350308273686e+51 units at 1.10073
2025-05-09 21:32:05,768 - simulator - INFO - Exited long position: -4756161267561115833756500313348523401170563104768.00 USD (-9.8 pips)
2025-05-09 21:32:07,965 - simulator - INFO - Entered short position: 3.136833170572639e+52 units at 1.09979
2025-05-09 21:32:09,748 - simulator - INFO - Exited short position: -28352646238667479198493231540893905704720078471168.00 USD (-7.5 pips)
2025-05-09 21:32:13,443 - simulator - INFO - Entered long position: 2.320462752933987e+53 units at 1.10055
2025-05-09 21:32:14,187 - simulator - INFO - Exited long position: -102352451819341805200867833068549274855265135493120.00 USD (-2.9 pips)
2025-05-09 21:32:15,724 - simulator - INFO - Entered short position: 1.7331010854062026e+54 units at 1.10036
2025-05-09 21:33:16,678 - simulator - INFO - ExecutionSimulator initialized with 10000.00 capital
2025-05-09 21:33:52,238 - simulator - INFO - ExecutionSimulator initialized with 10000.00 capital
2025-05-09 21:33:59,618 - simulator - INFO - Backtest completed: 0 trades, 0.00 USD profit
2025-05-09 21:33:59,753 - simulator - INFO - ExecutionSimulator initialized with 10000.00 capital
2025-05-09 21:34:06,943 - simulator - INFO - Backtest completed: 0 trades, 0.00 USD profit
2025-05-09 21:34:07,048 - simulator - INFO - ExecutionSimulator initialized with 10000.00 capital
2025-05-09 21:34:13,244 - simulator - INFO - Backtest completed: 0 trades, 0.00 USD profit
2025-05-09 21:34:13,345 - simulator - INFO - ExecutionSimulator initialized with 10000.00 capital
2025-05-09 21:34:20,656 - simulator - INFO - Backtest completed: 0 trades, 0.00 USD profit
2025-05-09 21:34:20,759 - simulator - INFO - ExecutionSimulator initialized with 10000.00 capital
2025-05-09 21:34:28,902 - simulator - INFO - Entered short position: 98000.0 units at 1.09954
2025-05-09 21:34:30,053 - simulator - INFO - Exited short position: -125.82 USD (-11.3 pips)
2025-05-09 21:34:30,834 - simulator - INFO - Entered long position: 1177000.0 units at 1.09959
2025-05-09 21:34:31,660 - simulator - INFO - Exited long position: 195.61 USD (3.2 pips)
2025-05-09 21:34:32,442 - simulator - INFO - Entered short position: 14550000.0 units at 1.10013
2025-05-09 21:34:33,323 - simulator - INFO - Exited short position: 1754.20 USD (2.7 pips)
2025-05-09 21:34:34,155 - simulator - INFO - Entered short position: 194095000.0 units at 1.09951
2025-05-09 21:34:34,955 - simulator - INFO - Exited short position: -274904.44 USD (-12.6 pips)
2025-05-09 21:34:35,706 - simulator - INFO - Entered long position: 2167230000.0 units at 1.10098
2025-05-09 21:34:36,583 - simulator - INFO - Exited long position: -3364332.31 USD (-14.0 pips)
2025-05-09 21:34:37,590 - simulator - INFO - Entered short position: 25465660000.0 units at 1.09895
2025-05-09 21:34:38,368 - simulator - INFO - Exited short position: -14846556.12 USD (-4.3 pips)
2025-05-09 21:34:39,112 - simulator - INFO - Entered short position: 305516349000.0 units at 1.09966
2025-05-09 21:34:39,917 - simulator - INFO - Exited short position: -303807533.98 USD (-8.4 pips)
2025-05-09 21:34:40,728 - simulator - INFO - Entered long position: 3781527476000.0 units at 1.10032
2025-05-09 21:34:41,471 - simulator - INFO - Exited long position: -4856023305.59 USD (-11.3 pips)
2025-05-09 21:34:42,331 - simulator - INFO - Entered long position: 47030670941000.0 units at 1.09951
2025-05-09 21:34:43,109 - simulator - INFO - Exited long position: -16687241013.86 USD (-2.0 pips)
2025-05-09 21:34:43,892 - simulator - INFO - Entered short position: 648235999550000.0 units at 1.09994
2025-05-09 21:34:44,650 - simulator - INFO - Exited short position: -139893283147.83 USD (-0.6 pips)
2025-05-09 21:34:45,476 - simulator - INFO - Entered long position: 8668216828874001.0 units at 1.10046
2025-05-09 21:34:46,230 - simulator - INFO - Exited long position: -11310590568246.82 USD (-11.5 pips)
2025-05-09 21:34:47,066 - simulator - INFO - Entered long position: 1.07911556894063e+17 units at 1.10065
2025-05-09 21:34:47,802 - simulator - INFO - Exited long position: -103859950616508.62 USD (-8.1 pips)
2025-05-09 21:34:48,936 - simulator - INFO - Entered short position: 1.342227676514234e+18 units at 1.09976
2025-05-09 21:34:50,087 - simulator - INFO - Exited short position: -1271771369389390.25 USD (-7.9 pips)
2025-05-09 21:34:50,863 - simulator - INFO - Entered short position: 1.7901387298085943e+19 units at 1.09918
2025-05-09 21:34:51,629 - simulator - INFO - Exited short position: -14337087243627284.00 USD (-6.5 pips)
2025-05-09 21:34:52,368 - simulator - INFO - Entered short position: 2.3527932547774965e+20 units at 1.09994
2025-05-09 21:34:53,130 - simulator - INFO - Exited short position: -88221600238535744.00 USD (-2.2 pips)
2025-05-09 21:34:53,938 - simulator - INFO - Entered long position: 3.2522387055219803e+21 units at 1.10065
2025-05-09 21:34:54,704 - simulator - INFO - Exited long position: -4612450216971252736.00 USD (-12.6 pips)
2025-05-09 21:34:55,519 - simulator - INFO - Entered long position: 4.086887452065529e+22 units at 1.10079
2025-05-09 21:34:56,269 - simulator - INFO - Exited long position: -23690624082965266432.00 USD (-4.3 pips)
2025-05-09 21:34:57,058 - simulator - INFO - Entered short position: 5.745668982428172e+23 units at 1.09931
2025-05-09 21:34:57,833 - simulator - INFO - Exited short position: -1132414689080459919360.00 USD (-18.2 pips)
2025-05-09 21:34:58,621 - simulator - INFO - Entered short position: 6.367701797871501e+24 units at 1.10018
2025-05-09 21:34:59,511 - simulator - INFO - Exited short position: -1658461520207735685120.00 USD (-1.1 pips)
2025-05-09 21:35:00,262 - simulator - INFO - Entered short position: 7.346169783992113e+25 units at 1.09914
2025-05-09 21:35:01,029 - simulator - INFO - Exited short position: -93970539449528491180032.00 USD (-11.3 pips)
2025-05-09 23:30:22,238 - simulator - INFO - ExecutionSimulator initialized with 10000.00 capital
2025-05-09 23:30:24,874 - simulator - INFO - ExecutionSimulator initialized with 10000.00 capital
2025-05-09 23:30:31,450 - simulator - INFO - Backtest completed: 0 trades, 0.00 USD profit
2025-05-09 23:30:31,559 - simulator - INFO - ExecutionSimulator initialized with 10000.00 capital
2025-05-09 23:30:38,498 - simulator - INFO - Backtest completed: 0 trades, 0.00 USD profit
2025-05-09 23:30:38,588 - simulator - INFO - ExecutionSimulator initialized with 10000.00 capital
2025-05-09 23:30:50,288 - simulator - INFO - Backtest completed: 0 trades, 0.00 USD profit
2025-05-09 23:30:50,397 - simulator - INFO - ExecutionSimulator initialized with 10000.00 capital
2025-05-09 23:30:58,005 - simulator - INFO - Backtest completed: 0 trades, 0.00 USD profit
2025-05-09 23:30:58,113 - simulator - INFO - ExecutionSimulator initialized with 10000.00 capital
2025-05-09 23:31:05,552 - simulator - INFO - Entered short position: 100000.0 units at 1.09957
2025-05-09 23:31:06,349 - simulator - INFO - Exited short position: -128.76 USD (-11.3 pips)
2025-05-09 23:31:07,207 - simulator - INFO - Entered long position: 1245000.0 units at 1.09952
2025-05-09 23:31:07,978 - simulator - INFO - Exited long position: 189.76 USD (3.1 pips)
2025-05-09 23:31:08,983 - simulator - INFO - Entered short position: 15463999.999999998 units at 1.10014
2025-05-09 23:31:09,775 - simulator - INFO - Exited short position: 3163.60 USD (3.6 pips)
2025-05-09 23:31:10,576 - simulator - INFO - Entered short position: 206534000.0 units at 1.09951
2025-05-09 23:31:11,319 - simulator - INFO - Exited short position: -282930.78 USD (-12.2 pips)
2025-05-09 23:31:12,155 - simulator - INFO - Entered long position: 2281949000.0 units at 1.10101
2025-05-09 23:31:12,932 - simulator - INFO - Exited long position: -3557619.88 USD (-14.0 pips)
2025-05-09 23:31:13,723 - simulator - INFO - Entered short position: 26792113000.0 units at 1.09895
2025-05-09 23:31:14,484 - simulator - INFO - Exited short position: -17411258.64 USD (-5.0 pips)
2025-05-09 23:31:15,258 - simulator - INFO - Entered short position: 315158549000.0 units at 1.09962
2025-05-09 23:31:16,029 - simulator - INFO - Exited short position: -339750343.86 USD (-9.2 pips)
2025-05-09 23:31:16,776 - simulator - INFO - Entered long position: 3880351219000.0 units at 1.10033
2025-05-09 23:31:17,567 - simulator - INFO - Exited long position: -4993621575.53 USD (-11.3 pips)
2025-05-09 23:31:18,336 - simulator - INFO - Entered long position: 46670584401000.0 units at 1.09958
2025-05-09 23:31:19,063 - simulator - INFO - Exited long position: -21127787432.83 USD (-3.0 pips)
2025-05-09 23:31:19,819 - simulator - INFO - Entered short position: 630892497084000.0 units at 1.09990
2025-05-09 23:31:20,580 - simulator - INFO - Exited short position: -154282919543.20 USD (-0.9 pips)
2025-05-09 23:31:21,350 - simulator - INFO - Entered long position: 8237231328037000.0 units at 1.10051
2025-05-09 23:31:22,168 - simulator - INFO - Exited long position: -11578388463570.87 USD (-12.5 pips)
2025-05-09 23:31:22,928 - simulator - INFO - Entered long position: 1.0474785211995301e+17 units at 1.10061
2025-05-09 23:31:23,699 - simulator - INFO - Exited long position: -99922280407451.03 USD (-8.0 pips)
2025-05-09 23:31:24,547 - simulator - INFO - Entered short position: 1.323375837722811e+18 units at 1.09980
2025-05-09 23:31:25,279 - simulator - INFO - Exited short position: -1131718250169341.25 USD (-7.0 pips)
2025-05-09 23:31:26,043 - simulator - INFO - Entered short position: 1.7616603105701003e+19 units at 1.09918
2025-05-09 23:31:26,868 - simulator - INFO - Exited short position: -14830842170044504.00 USD (-6.9 pips)
2025-05-09 23:31:27,608 - simulator - INFO - Entered short position: 2.2953175258255976e+20 units at 1.09992
2025-05-09 23:31:28,399 - simulator - INFO - Exited short position: -99799850600823488.00 USD (-2.8 pips)
2025-05-09 23:31:29,216 - simulator - INFO - Entered long position: 3.093298145764043e+21 units at 1.10070
2025-05-09 23:31:30,016 - simulator - INFO - Exited long position: -4546371347272018432.00 USD (-13.2 pips)
2025-05-09 23:31:30,764 - simulator - INFO - Entered long position: 3.930041261161615e+22 units at 1.10077
2025-05-09 23:31:31,506 - simulator - INFO - Exited long position: -22442157166299037696.00 USD (-4.2 pips)
2025-05-09 23:31:32,230 - simulator - INFO - Entered short position: 5.329769168630125e+23 units at 1.09925
2025-05-09 23:31:32,975 - simulator - INFO - Exited short position: -1108085588848863346688.00 USD (-19.3 pips)
2025-05-09 23:31:33,771 - simulator - INFO - Entered short position: 5.958590035815835e+24 units at 1.10019
2025-05-09 23:31:34,509 - simulator - INFO - Exited short position: -1105997225310577754112.00 USD (-0.3 pips)
2025-05-09 23:31:35,397 - simulator - INFO - Entered short position: 6.8410109760433806e+25 units at 1.09913
2025-05-09 23:31:36,294 - simulator - INFO - Exited short position: -86477270404626026332160.00 USD (-11.1 pips)
2025-05-09 23:31:37,052 - simulator - INFO - Entered short position: 7.577887035937388e+26 units at 1.09951
2025-05-09 23:31:37,860 - simulator - INFO - Exited short position: -524938844267412677722112.00 USD (-5.4 pips)
2025-05-09 23:31:38,873 - simulator - INFO - Entered long position: 9.792352269194729e+27 units at 1.10033
2025-05-09 23:31:39,644 - simulator - INFO - Exited long position: -2926657429429007085993984.00 USD (-1.4 pips)
2025-05-09 23:31:40,413 - simulator - INFO - Entered long position: 1.2305674661209998e+29 units at 1.10072
2025-05-09 23:31:41,138 - simulator - INFO - Exited long position: -123070556699643065288097792.00 USD (-8.5 pips)
2025-05-09 23:31:41,897 - simulator - INFO - Entered short position: 1.6253675779206547e+30 units at 1.09949
2025-05-09 23:31:42,648 - simulator - INFO - Exited short position: 43750038349133772138479616.00 USD (1.8 pips)
2025-05-09 23:31:43,391 - simulator - INFO - Entered short position: 1.969906631987045e+31 units at 1.09975
2025-05-09 23:31:44,659 - simulator - INFO - Exited short position: -30596174121128775053318553600.00 USD (-14.0 pips)
2025-05-09 23:31:46,496 - simulator - INFO - Entered long position: 2.2805868158537042e+32 units at 1.09987
2025-05-09 23:31:48,683 - simulator - INFO - Exited long position: -34832292826615122063238627328.00 USD (0.0 pips)
2025-05-09 23:31:50,517 - simulator - INFO - Entered long position: 2.684623189698937e+33 units at 1.10105
2025-05-09 23:31:52,518 - simulator - INFO - Exited long position: -2035268312392291756319216500736.00 USD (-6.0 pips)
2025-05-09 23:31:54,489 - simulator - INFO - Entered short position: 3.162763822843872e+34 units at 1.10012
2025-05-09 23:31:56,506 - simulator - INFO - Exited short position: -18700384414348470019600232218624.00 USD (-4.4 pips)
2025-05-09 23:31:58,499 - simulator - INFO - Entered long position: 3.862757376896542e+35 units at 1.10050
2025-05-09 23:32:10,057 - simulator - INFO - ExecutionSimulator initialized with 10000.00 capital
2025-05-09 23:32:26,287 - simulator - INFO - Backtest completed: 0 trades, 0.00 USD profit
2025-05-09 23:35:25,947 - simulator - INFO - ExecutionSimulator initialized with 10000.00 capital
2025-05-09 23:35:41,561 - simulator - INFO - Backtest completed: 0 trades, 0.00 USD profit
2025-05-09 23:56:40,815 - simulator - INFO - ExecutionSimulator initialized with 10000.00 capital
2025-05-09 23:56:41,007 - simulator - INFO - Backtesting with 3097 data points from 2024-11-11 00:00:00 to 2025-05-09 00:00:00
2025-05-09 23:56:49,215 - simulator - INFO - Generated 2987 signals
2025-05-09 23:56:49,751 - simulator - INFO - Entered short position: 4548.429501214734 units at 1.09928
2025-05-09 23:56:50,494 - simulator - INFO - Exited short position: -6.18 USD (-12.0 pips)
2025-05-09 23:56:51,330 - simulator - INFO - Entered long position: 4540.574888723038 units at 1.10046
2025-05-09 23:56:52,119 - simulator - INFO - Exited long position: -7.20 USD (-14.3 pips)
2025-05-09 23:56:52,965 - simulator - INFO - Entered short position: 4543.064248633663 units at 1.09903
2025-05-09 23:56:53,749 - simulator - INFO - Exited short position: -7.91 USD (-15.9 pips)
2025-05-09 23:56:54,520 - simulator - INFO - Entered long position: 4532.721020795884 units at 1.10063
2025-05-09 23:56:55,305 - simulator - INFO - Exited long position: -0.61 USD (0.2 pips)
2025-05-09 23:56:56,038 - simulator - INFO - Entered short position: 4532.061099254495 units at 1.10068
2025-05-09 23:56:56,838 - simulator - INFO - Exited short position: 1.15 USD (4.1 pips)
2025-05-09 23:56:57,705 - simulator - INFO - Entered long position: 4533.71736650317 units at 1.10037
2025-05-09 23:56:58,522 - simulator - INFO - Exited long position: -5.34 USD (-10.2 pips)
2025-05-09 23:56:59,258 - simulator - INFO - Entered short position: 4535.320073771493 units at 1.09935
2025-05-09 23:56:59,997 - simulator - INFO - Exited short position: -4.46 USD (-8.3 pips)
2025-05-09 23:57:00,857 - simulator - INFO - Entered long position: 4529.975380982594 units at 1.10012
2025-05-09 23:57:01,685 - simulator - INFO - Exited long position: -3.91 USD (-7.1 pips)
2025-05-09 23:57:02,464 - simulator - INFO - Entered short position: 4530.924522758971 units at 1.09942
2025-05-09 23:57:03,276 - simulator - INFO - Exited short position: -5.90 USD (-11.5 pips)
2025-05-09 23:57:04,006 - simulator - INFO - Entered long position: 4523.339778586406 units at 1.10057
2025-05-09 23:57:04,901 - simulator - INFO - Exited long position: -5.98 USD (-11.7 pips)
2025-05-09 23:57:05,637 - simulator - INFO - Entered short position: 4525.200209257761 units at 1.09942
2025-05-09 23:57:06,420 - simulator - INFO - Exited short position: -6.77 USD (-13.4 pips)
2025-05-09 23:57:07,226 - simulator - INFO - Entered long position: 4516.671314902251 units at 1.10071
2025-05-09 23:57:07,971 - simulator - INFO - Exited long position: -4.85 USD (-9.2 pips)
2025-05-09 23:57:08,766 - simulator - INFO - Entered short position: 4517.919534920497 units at 1.09983
2025-05-09 23:57:09,594 - simulator - INFO - Exited short position: 1.91 USD (5.8 pips)
2025-05-09 23:57:10,372 - simulator - INFO - Entered long position: 4520.8376809106385 units at 1.09929
2025-05-09 23:57:11,209 - simulator - INFO - Exited long position: 2.72 USD (7.5 pips)
2025-05-09 23:57:12,026 - simulator - INFO - Entered short position: 4518.888675983179 units at 1.10002
2025-05-09 23:57:12,759 - simulator - INFO - Exited short position: -4.27 USD (-7.9 pips)
2025-05-09 23:57:13,575 - simulator - INFO - Entered long position: 4513.763434933802 units at 1.10076
2025-05-09 23:57:14,302 - simulator - INFO - Exited long position: -8.89 USD (-18.2 pips)
2025-05-09 23:57:15,145 - simulator - INFO - Entered short position: 4517.207445570482 units at 1.09890
2025-05-09 23:57:15,930 - simulator - INFO - Exited short position: -6.17 USD (-12.1 pips)
2025-05-09 23:57:16,708 - simulator - INFO - Entered long position: 4509.450442705436 units at 1.10007
2025-05-09 23:57:17,681 - simulator - INFO - Exited long position: -2.79 USD (-4.6 pips)
2025-05-09 23:57:18,411 - simulator - INFO - Entered short position: 4509.666451442399 units at 1.09967
2025-05-09 23:57:19,145 - simulator - INFO - Exited short position: -1.43 USD (-1.6 pips)
2025-05-09 23:57:19,912 - simulator - INFO - Entered long position: 4508.03396797902 units at 1.09987
2025-05-09 23:57:20,660 - simulator - INFO - Exited long position: -4.00 USD (-7.3 pips)
2025-05-09 23:57:21,393 - simulator - INFO - Entered short position: 4508.7708673443685 units at 1.09921
2025-05-09 23:57:22,131 - simulator - INFO - Exited short position: -3.10 USD (-5.3 pips)
2025-05-09 23:57:22,879 - simulator - INFO - Entered long position: 4505.1927399064 units at 1.09970
2025-05-09 23:57:23,614 - simulator - INFO - Exited long position: -2.75 USD (-4.6 pips)
2025-05-09 23:57:24,433 - simulator - INFO - Entered short position: 4505.526536761525 units at 1.09927
2025-05-09 23:57:25,242 - simulator - INFO - Exited short position: -7.68 USD (-15.5 pips)
2025-05-09 23:57:25,974 - simulator - INFO - Entered long position: 4495.553975360952 units at 1.10082
2025-05-09 23:57:26,717 - simulator - INFO - Exited long position: -7.33 USD (-14.8 pips)
2025-05-09 23:57:27,796 - simulator - INFO - Entered short position: 4498.041735756171 units at 1.09936
2025-05-09 23:57:28,614 - simulator - INFO - Exited short position: -7.92 USD (-16.1 pips)
2025-05-09 23:57:30,794 - simulator - INFO - Entered long position: 4487.813856727637 units at 1.10094
2025-05-09 23:57:32,809 - simulator - INFO - Exited long position: -3.74 USD (-6.8 pips)
2025-05-09 23:57:34,684 - simulator - INFO - Entered short position: 4488.847880595272 units at 1.10023
2025-05-09 23:57:36,833 - simulator - INFO - Exited short position: -1.61 USD (-2.0 pips)
2025-05-09 23:57:38,799 - simulator - INFO - Entered long position: 4486.886590158237 units at 1.10049
2025-05-09 23:57:40,686 - simulator - INFO - Exited long position: -6.26 USD (-12.4 pips)
2025-05-09 23:57:42,698 - simulator - INFO - Entered short position: 4489.011851971145 units at 1.09924
2025-05-09 23:57:44,925 - simulator - INFO - Exited short position: -2.24 USD (-3.4 pips)
2025-05-09 23:57:46,802 - simulator - INFO - Entered long position: 4486.402298179367 units at 1.09959
2025-05-09 23:57:48,754 - simulator - INFO - Exited long position: -1.63 USD (-2.1 pips)
2025-05-09 23:57:50,769 - simulator - INFO - Entered short position: 4485.970962376899 units at 1.09948
2025-05-09 23:57:54,029 - simulator - INFO - Exited short position: -5.65 USD (-11.0 pips)
2025-05-09 23:57:54,782 - simulator - INFO - Entered long position: 4478.662810689594 units at 1.10060
2025-05-09 23:57:56,951 - simulator - INFO - Exited long position: -7.91 USD (-16.1 pips)
2025-05-09 23:57:58,850 - simulator - INFO - Entered short position: 4481.577291198983 units at 1.09896
2025-05-09 23:58:00,719 - simulator - INFO - Exited short position: -8.62 USD (-17.7 pips)
2025-05-09 23:58:02,763 - simulator - INFO - Entered long position: 4470.3442126595855 units at 1.10072
2025-05-09 23:58:04,703 - simulator - INFO - Exited long position: -4.33 USD (-8.1 pips)
2025-05-09 23:58:06,847 - simulator - INFO - Entered short position: 4471.685613247766 units at 1.09987
2025-05-09 23:58:08,678 - simulator - INFO - Exited short position: -3.13 USD (-5.5 pips)
2025-05-09 23:58:10,684 - simulator - INFO - Entered long position: 4467.727602644728 units at 1.10046
2025-05-09 23:58:12,833 - simulator - INFO - Exited long position: -6.16 USD (-12.2 pips)
2025-05-09 23:58:14,713 - simulator - INFO - Entered short position: 4469.795639033955 units at 1.09922
2025-05-09 23:58:16,808 - simulator - INFO - Exited short position: -7.87 USD (-16.1 pips)
2025-05-09 23:58:18,772 - simulator - INFO - Entered long position: 4459.34618148387 units at 1.10087
2025-05-09 23:58:20,813 - simulator - INFO - Exited long position: -3.73 USD (-6.8 pips)
2025-05-09 23:58:22,762 - simulator - INFO - Entered short position: 4460.046660346402 units at 1.10025
2025-05-09 23:58:24,824 - simulator - INFO - Exited short position: -3.92 USD (-7.3 pips)
2025-05-09 23:58:26,965 - simulator - INFO - Entered long position: 4455.374865923995 units at 1.10092
2025-05-09 23:58:28,764 - simulator - INFO - Exited long position: -4.39 USD (-8.3 pips)
2025-05-09 23:58:30,808 - simulator - INFO - Entered short position: 4456.470811110626 units at 1.10012
2025-05-09 23:58:32,730 - simulator - INFO - Exited short position: 1.07 USD (3.9 pips)
2025-05-09 23:58:34,798 - simulator - INFO - Entered long position: 4458.49948262367 units at 1.09970
2025-05-09 23:58:36,723 - simulator - INFO - Exited long position: -1.20 USD (-1.2 pips)
2025-05-09 23:58:38,742 - simulator - INFO - Entered short position: 4458.20039955397 units at 1.09960
2025-05-09 23:58:40,825 - simulator - INFO - Exited short position: -6.70 USD (-13.5 pips)
2025-05-09 23:58:42,716 - simulator - INFO - Entered long position: 4449.578949979172 units at 1.10094
2025-05-09 23:58:44,704 - simulator - INFO - Exited long position: -8.60 USD (-17.8 pips)
2025-05-09 23:58:46,690 - simulator - INFO - Entered short position: 4452.3662693677215 units at 1.09925
2025-05-09 23:58:48,736 - simulator - INFO - Exited short position: -7.11 USD (-14.4 pips)
2025-05-09 23:58:50,744 - simulator - INFO - Entered long position: 4442.925615123141 units at 1.10074
2025-05-09 23:58:52,766 - simulator - INFO - Exited long position: -5.98 USD (-11.9 pips)
2025-05-09 23:58:54,841 - simulator - INFO - Entered short position: 4445.038297643181 units at 1.09951
2025-05-09 23:58:56,833 - simulator - INFO - Exited short position: -0.66 USD (0.1 pips)
2025-05-09 23:58:58,801 - simulator - INFO - Entered long position: 4444.693207637743 units at 1.09948
2025-05-09 23:59:00,697 - simulator - INFO - Exited long position: 3.28 USD (8.9 pips)
2025-05-09 23:59:02,747 - simulator - INFO - Entered short position: 4442.440602989529 units at 1.10037
2025-05-09 23:59:04,697 - simulator - INFO - Exited short position: 3.01 USD (8.3 pips)
2025-05-09 23:59:06,736 - simulator - INFO - Entered long position: 4447.085076462905 units at 1.09952
2025-05-09 23:59:08,741 - simulator - INFO - Exited long position: -0.61 USD (0.2 pips)
2025-05-09 23:59:10,869 - simulator - INFO - Entered short position: 4446.546566846454 units at 1.09955
2025-05-09 23:59:12,826 - simulator - INFO - Exited short position: -0.72 USD (-0.1 pips)
2025-05-09 23:59:14,881 - simulator - INFO - Entered long position: 4446.020776566788 units at 1.09956
2025-05-09 23:59:16,748 - simulator - INFO - Exited long position: -0.68 USD (0.0 pips)
2025-05-09 23:59:18,755 - simulator - INFO - Entered short position: 4445.517208446891 units at 1.09957
2025-05-09 23:59:20,721 - simulator - INFO - Exited short position: -0.75 USD (-0.1 pips)
2025-05-09 23:59:22,707 - simulator - INFO - Entered long position: 4445.053698834288 units at 1.09956
2025-05-09 23:59:24,760 - simulator - INFO - Exited long position: -3.49 USD (-6.3 pips)
2025-05-09 23:59:26,689 - simulator - INFO - Entered short position: 4446.0168439022455 units at 1.09889
2025-05-09 23:59:28,882 - simulator - INFO - Exited short position: -7.57 USD (-15.5 pips)
2025-05-09 23:59:30,681 - simulator - INFO - Entered long position: 4436.534047423067 units at 1.10035
2025-05-09 23:59:32,725 - simulator - INFO - Exited long position: -3.95 USD (-7.4 pips)
2025-05-09 23:59:34,703 - simulator - INFO - Entered short position: 4437.519617216011 units at 1.09962
2025-05-09 23:59:36,817 - simulator - INFO - Exited short position: -4.12 USD (-7.7 pips)
2025-05-09 23:59:38,863 - simulator - INFO - Entered long position: 4432.506999955241 units at 1.10036
2025-05-09 23:59:40,833 - simulator - INFO - Exited long position: -1.45 USD (-1.7 pips)
2025-05-09 23:59:42,808 - simulator - INFO - Entered short position: 4432.287761835588 units at 1.10021
2025-05-09 23:59:44,706 - simulator - INFO - Exited short position: -0.99 USD (-0.7 pips)
2025-05-09 23:59:46,989 - simulator - INFO - Entered long position: 4431.546158708058 units at 1.10024
2025-05-09 23:59:48,850 - simulator - INFO - Exited long position: -0.18 USD (1.1 pips)
2025-05-09 23:59:50,884 - simulator - INFO - Entered short position: 4430.491042339249 units at 1.10045
2025-05-09 23:59:52,732 - simulator - INFO - Exited short position: 1.11 USD (4.1 pips)
2025-05-09 23:59:54,710 - simulator - INFO - Entered long position: 4432.58139249196 units at 1.10002
2025-05-09 23:59:56,709 - simulator - INFO - Exited long position: -3.64 USD (-6.7 pips)
2025-05-09 23:59:58,709 - simulator - INFO - Entered short position: 4433.403482260117 units at 1.09936
2025-05-10 00:00:00,979 - simulator - INFO - Exited short position: -5.74 USD (-11.4 pips)
2025-05-10 00:00:02,743 - simulator - INFO - Entered long position: 4426.160507271772 units at 1.10048
2025-05-10 00:00:05,034 - simulator - INFO - Exited long position: -7.53 USD (-15.5 pips)
2025-05-10 00:00:06,754 - simulator - INFO - Entered short position: 4428.732470278874 units at 1.09895
2025-05-10 00:00:08,757 - simulator - INFO - Exited short position: -1.63 USD (-2.1 pips)
2025-05-10 00:00:10,920 - simulator - INFO - Entered long position: 4426.959773802017 units at 1.09917
2025-05-10 00:00:12,707 - simulator - INFO - Exited long position: -0.14 USD (1.2 pips)
2025-05-10 00:00:14,754 - simulator - INFO - Entered short position: 4426.31514578375 units at 1.09927
2025-05-10 00:00:16,779 - simulator - INFO - Exited short position: -5.28 USD (-10.4 pips)
2025-05-10 00:00:18,871 - simulator - INFO - Entered long position: 4419.876230167016 units at 1.10024
2025-05-10 00:00:20,731 - simulator - INFO - Exited long position: -5.65 USD (-11.2 pips)
2025-05-10 00:00:22,890 - simulator - INFO - Entered short position: 4421.9551553609 units at 1.09904
2025-05-10 00:00:24,690 - simulator - INFO - Exited short position: -3.93 USD (-7.3 pips)
2025-05-10 00:00:26,743 - simulator - INFO - Entered long position: 4417.333034282028 units at 1.09971
2025-05-10 00:00:28,770 - simulator - INFO - Exited long position: -1.03 USD (-0.8 pips)
2025-05-10 00:00:30,703 - simulator - INFO - Entered short position: 4417.063454075329 units at 1.09962
2025-05-10 00:00:32,714 - simulator - INFO - Exited short position: -4.66 USD (-9.0 pips)
2025-05-10 00:00:34,749 - simulator - INFO - Entered long position: 4411.06553796895 units at 1.10055
2025-05-10 00:00:36,737 - simulator - INFO - Exited long position: -3.89 USD (-7.3 pips)
2025-05-10 00:00:38,735 - simulator - INFO - Entered short position: 4411.830401731843 units at 1.09988
2025-05-10 00:00:40,712 - simulator - INFO - Exited short position: 0.72 USD (3.2 pips)
2025-05-10 00:00:42,789 - simulator - INFO - Entered long position: 4413.022383794404 units at 1.09963
2025-05-10 00:00:44,749 - simulator - INFO - Exited long position: 4.38 USD (11.5 pips)
2025-05-10 00:00:46,810 - simulator - INFO - Entered short position: 4410.225608726041 units at 1.10078
2025-05-10 00:00:48,732 - simulator - INFO - Exited short position: 2.24 USD (6.6 pips)
2025-05-10 00:00:50,784 - simulator - INFO - Entered long position: 4413.788161523969 units at 1.10011
2025-05-10 00:00:52,765 - simulator - INFO - Exited long position: -2.40 USD (-3.9 pips)
2025-05-10 00:00:54,785 - simulator - INFO - Entered short position: 4413.976375940933 units at 1.09975
2025-05-10 00:00:56,706 - simulator - INFO - Exited short position: -2.41 USD (-3.9 pips)
2025-05-10 00:00:58,764 - simulator - INFO - Entered long position: 4411.208633659608 units at 1.10013
2025-05-10 00:01:00,703 - simulator - INFO - Exited long position: -1.96 USD (-2.9 pips)
2025-05-10 00:01:02,783 - simulator - INFO - Entered short position: 4411.464919745732 units at 1.09980
2025-05-10 00:01:04,984 - simulator - INFO - Exited short position: -5.57 USD (-11.1 pips)
2025-05-10 00:01:06,727 - simulator - INFO - Entered long position: 4404.213430769235 units at 1.10094
2025-05-10 00:01:08,716 - simulator - INFO - Exited long position: -8.89 USD (-18.6 pips)
2025-05-10 00:01:10,712 - simulator - INFO - Entered short position: 4407.64993096659 units at 1.09904
2025-05-10 00:01:12,685 - simulator - INFO - Exited short position: -8.01 USD (-16.6 pips)
2025-05-10 00:01:14,795 - simulator - INFO - Entered long position: 4397.276518950981 units at 1.10068
2025-05-10 00:01:17,083 - simulator - INFO - Exited long position: 0.29 USD (2.2 pips)
2025-05-10 00:01:18,783 - simulator - INFO - Entered short position: 4396.217384118987 units at 1.10094
2025-05-10 00:01:21,002 - simulator - INFO - Exited short position: 5.21 USD (13.4 pips)
2025-05-10 00:01:22,761 - simulator - INFO - Entered long position: 4403.783945418962 units at 1.09960
2025-05-10 00:01:24,750 - simulator - INFO - Exited long position: 1.03 USD (3.9 pips)
2025-05-10 00:01:26,754 - simulator - INFO - Entered short position: 4402.68097086134 units at 1.09996
2025-05-10 00:01:28,731 - simulator - INFO - Exited short position: -1.85 USD (-2.7 pips)
2025-05-10 00:01:30,694 - simulator - INFO - Entered long position: 4400.476967989733 units at 1.10026
2025-05-10 00:01:32,735 - simulator - INFO - Exited long position: -0.16 USD (1.2 pips)
2025-05-10 00:01:34,752 - simulator - INFO - Entered short position: 4399.744045364194 units at 1.10038
2025-05-10 00:01:36,724 - simulator - INFO - Exited short position: -0.47 USD (0.5 pips)
2025-05-10 00:01:38,886 - simulator - INFO - Entered long position: 4399.472249176703 units at 1.10036
2025-05-10 00:01:40,734 - simulator - INFO - Exited long position: -4.20 USD (-8.0 pips)
2025-05-10 00:01:42,829 - simulator - INFO - Entered short position: 4400.420551586687 units at 1.09961
2025-05-10 00:01:44,831 - simulator - INFO - Exited short position: -5.95 USD (-12.0 pips)
2025-05-10 00:01:46,695 - simulator - INFO - Entered long position: 4392.7828279623545 units at 1.10080
2025-05-10 00:01:48,710 - simulator - INFO - Exited long position: -4.26 USD (-8.2 pips)
2025-05-10 00:01:50,742 - simulator - INFO - Entered short position: 4393.8648645617905 units at 1.10001
2025-05-10 00:01:52,714 - simulator - INFO - Exited short position: -3.68 USD (-6.8 pips)
2025-05-10 00:01:54,876 - simulator - INFO - Entered long position: 4389.534562482859 units at 1.10063
2025-05-10 00:01:56,809 - simulator - INFO - Exited long position: -5.22 USD (-10.3 pips)
2025-05-10 00:01:58,830 - simulator - INFO - Entered short position: 4391.241795310469 units at 1.09957
2025-05-10 00:02:00,764 - simulator - INFO - Exited short position: -5.41 USD (-10.8 pips)
2025-05-10 00:02:02,704 - simulator - INFO - Entered long position: 4384.297072940495 units at 1.10066
2025-05-10 00:02:04,667 - simulator - INFO - Exited long position: -6.05 USD (-12.2 pips)
2025-05-10 00:02:06,782 - simulator - INFO - Entered short position: 4386.072878576567 units at 1.09949
2025-05-10 00:02:08,716 - simulator - INFO - Exited short position: -2.89 USD (-5.0 pips)
2025-05-10 00:02:10,819 - simulator - INFO - Entered long position: 4382.402705052735 units at 1.10004
2025-05-10 00:02:12,724 - simulator - INFO - Exited long position: -0.70 USD (-0.1 pips)
2025-05-10 00:02:14,860 - simulator - INFO - Entered short position: 4382.1000578206285 units at 1.10000
2025-05-10 00:02:16,742 - simulator - INFO - Exited short position: -4.28 USD (-8.2 pips)
2025-05-10 00:02:19,039 - simulator - INFO - Entered long position: 4376.584140121698 units at 1.10086
2025-05-10 00:02:20,822 - simulator - INFO - Exited long position: -3.06 USD (-5.5 pips)
2025-05-10 00:02:22,799 - simulator - INFO - Entered short position: 4377.201244883941 units at 1.10031
2025-05-10 00:02:24,872 - simulator - INFO - Exited short position: 0.65 USD (3.0 pips)
2025-05-10 00:02:26,721 - simulator - INFO - Entered long position: 4378.512168358385 units at 1.10002
2025-05-10 00:02:28,715 - simulator - INFO - Exited long position: -2.71 USD (-4.7 pips)
2025-05-10 00:02:30,803 - simulator - INFO - Entered short position: 4378.835414216924 units at 1.09959
2025-05-10 00:02:32,895 - simulator - INFO - Exited short position: -4.06 USD (-7.7 pips)
2025-05-10 00:02:34,713 - simulator - INFO - Entered long position: 4374.006995984531 units at 1.10030
2025-05-10 00:02:36,711 - simulator - INFO - Exited long position: -3.69 USD (-6.9 pips)
2025-05-10 00:02:38,801 - simulator - INFO - Entered short position: 4374.9463018882025 units at 1.09960
2025-05-10 00:02:40,876 - simulator - INFO - Exited short position: -3.93 USD (-7.4 pips)
2025-05-10 00:02:42,742 - simulator - INFO - Entered long position: 4369.728164158324 units at 1.10043
2025-05-10 00:02:44,717 - simulator - INFO - Exited long position: -3.81 USD (-7.2 pips)
2025-05-10 00:02:46,749 - simulator - INFO - Entered short position: 4370.458783846213 units at 1.09977
2025-05-10 00:02:48,706 - simulator - INFO - Exited short position: -5.88 USD (-11.9 pips)
2025-05-10 00:02:50,759 - simulator - INFO - Entered long position: 4363.041428637221 units at 1.10093
2025-05-10 00:02:52,832 - simulator - INFO - Exited long position: -2.95 USD (-5.2 pips)
2025-05-10 00:02:54,720 - simulator - INFO - Entered short position: 4363.863989466389 units at 1.10034
2025-05-10 00:02:56,699 - simulator - INFO - Exited short position: 2.62 USD (7.5 pips)
2025-05-10 00:02:58,805 - simulator - INFO - Entered long position: 4367.903201080716 units at 1.09959
2025-05-10 00:03:00,710 - simulator - INFO - Exited long position: 5.15 USD (13.3 pips)
2025-05-10 00:03:02,736 - simulator - INFO - Entered short position: 4364.644229622479 units at 1.10096
2025-05-10 00:03:04,717 - simulator - INFO - Exited short position: 3.93 USD (10.5 pips)
2025-05-10 00:03:06,757 - simulator - INFO - Entered long position: 4370.160561219 units at 1.09998
2025-05-10 00:03:08,719 - simulator - INFO - Exited long position: -4.10 USD (-7.8 pips)
2025-05-10 00:03:10,698 - simulator - INFO - Entered short position: 4371.479476229768 units at 1.09914
2025-05-10 00:03:12,739 - simulator - INFO - Exited short position: -9.28 USD (-19.7 pips)
2025-05-10 00:03:14,799 - simulator - INFO - Entered long position: 4359.395246968629 units at 1.10109
2025-05-10 00:03:16,729 - simulator - INFO - Exited long position: -8.36 USD (-17.6 pips)
2025-05-10 00:03:18,764 - simulator - INFO - Entered short position: 4362.710213483158 units at 1.09925
2025-05-10 00:03:20,963 - simulator - INFO - Exited short position: -5.27 USD (-10.5 pips)
2025-05-10 00:03:22,708 - simulator - INFO - Entered long position: 4355.701726256567 units at 1.10038
2025-05-10 00:03:24,763 - simulator - INFO - Exited long position: -2.98 USD (-5.3 pips)
2025-05-10 00:03:30,183 - simulator - INFO - Entered short position: 4356.458770525709 units at 1.09981
2025-05-10 00:03:31,100 - simulator - INFO - Exited short position: -1.22 USD (-1.3 pips)
2025-05-10 00:03:31,906 - simulator - INFO - Entered long position: 4355.339819764285 units at 1.09991
2025-05-10 00:03:33,610 - simulator - INFO - Exited long position: -2.81 USD (-4.9 pips)
2025-05-10 00:03:35,182 - simulator - INFO - Entered short position: 4355.7738839506055 units at 1.09944
2025-05-10 00:03:36,809 - simulator - INFO - Exited short position: -2.11 USD (-3.3 pips)
2025-05-10 00:03:38,818 - simulator - INFO - Entered long position: 4353.321681831814 units at 1.09978
2025-05-10 00:03:40,741 - simulator - INFO - Exited long position: 0.52 USD (2.7 pips)
2025-05-10 00:03:42,891 - simulator - INFO - Entered short position: 4352.37847096786 units at 1.10004
2025-05-10 00:03:44,770 - simulator - INFO - Exited short position: -4.78 USD (-9.4 pips)
2025-05-10 00:03:46,799 - simulator - INFO - Entered long position: 4346.294192155796 units at 1.10099
2025-05-10 00:03:48,962 - simulator - INFO - Exited long position: -7.69 USD (-16.1 pips)
2025-05-10 00:03:50,710 - simulator - INFO - Entered short position: 4349.226020555799 units at 1.09932
2025-05-10 00:03:52,746 - simulator - INFO - Exited short position: -3.69 USD (-6.9 pips)
2025-05-10 00:03:54,721 - simulator - INFO - Entered long position: 4344.604348187833 units at 1.10003
2025-05-10 00:03:56,739 - simulator - INFO - Exited long position: -1.57 USD (-2.1 pips)
2025-05-10 00:03:58,765 - simulator - INFO - Entered short position: 4344.6897906912045 units at 1.09979
2025-05-10 00:04:00,764 - simulator - INFO - Exited short position: -4.66 USD (-9.2 pips)
2025-05-10 00:04:02,693 - simulator - INFO - Entered long position: 4338.819721347747 units at 1.10070
2025-05-10 00:04:04,789 - simulator - INFO - Exited long position: -3.11 USD (-5.6 pips)
2025-05-10 00:04:06,751 - simulator - INFO - Entered short position: 4339.477158985247 units at 1.10014
2025-05-10 00:04:08,805 - simulator - INFO - Exited short position: -3.81 USD (-7.2 pips)
2025-05-10 00:04:10,766 - simulator - INFO - Entered long position: 4334.907054803539 units at 1.10082
2025-05-10 00:04:12,699 - simulator - INFO - Exited long position: -4.89 USD (-9.7 pips)
2025-05-10 00:04:14,720 - simulator - INFO - Entered short position: 4336.087977356825 units at 1.09992
2025-05-10 00:04:16,726 - simulator - INFO - Exited short position: -2.92 USD (-5.2 pips)
2025-05-10 00:04:18,763 - simulator - INFO - Entered long position: 4332.459838036374 units at 1.10046
2025-05-10 00:04:20,773 - simulator - INFO - Exited long position: -3.15 USD (-5.7 pips)
2025-05-10 00:04:22,705 - simulator - INFO - Entered short position: 4332.989562815887 units at 1.09993
2025-05-10 00:04:24,804 - simulator - INFO - Exited short position: -4.02 USD (-7.7 pips)
2025-05-10 00:04:26,691 - simulator - INFO - Entered long position: 4327.992397021379 units at 1.10070
2025-05-10 00:04:28,847 - simulator - INFO - Exited long position: -5.56 USD (-11.3 pips)
2025-05-10 00:04:30,751 - simulator - INFO - Entered short position: 4329.70484551457 units at 1.09958
2025-05-10 00:04:34,069 - simulator - INFO - Exited short position: -1.73 USD (-2.4 pips)
2025-05-10 00:04:34,903 - simulator - INFO - Entered long position: 4327.69463822881 units at 1.09985
2025-05-10 00:04:36,727 - simulator - INFO - Exited long position: -0.46 USD (0.5 pips)
2025-05-10 00:04:38,818 - simulator - INFO - Entered short position: 4327.383827273772 units at 1.09984
2025-05-10 00:04:40,701 - simulator - INFO - Exited short position: -1.50 USD (-1.9 pips)
2025-05-10 00:04:42,715 - simulator - INFO - Entered long position: 4325.801752555564 units at 1.10003
2025-05-10 00:04:44,804 - simulator - INFO - Exited long position: -1.46 USD (-1.8 pips)
2025-05-10 00:04:46,839 - simulator - INFO - Entered short position: 4325.759057075421 units at 1.09983
2025-05-10 00:04:48,806 - simulator - INFO - Exited short position: -4.52 USD (-8.9 pips)
2025-05-10 00:04:50,765 - simulator - INFO - Entered long position: 4319.896591653454 units at 1.10076
2025-05-10 00:04:52,737 - simulator - INFO - Exited long position: -2.69 USD (-4.7 pips)
2025-05-10 00:04:54,797 - simulator - INFO - Entered short position: 4320.046045712781 units at 1.10038
2025-05-10 00:04:56,838 - simulator - INFO - Exited short position: -4.91 USD (-9.8 pips)
2025-05-10 00:04:58,742 - simulator - INFO - Entered long position: 4314.015071392201 units at 1.10131
2025-05-10 00:05:00,710 - simulator - INFO - Exited long position: -6.21 USD (-12.9 pips)
2025-05-10 00:05:02,766 - simulator - INFO - Entered short position: 4316.125975182734 units at 1.10001
2025-05-10 00:05:04,913 - simulator - INFO - Exited short position: -2.84 USD (-5.0 pips)
2025-05-10 00:05:06,916 - simulator - INFO - Entered long position: 4313.023602755509 units at 1.10043
2025-05-10 00:05:08,714 - simulator - INFO - Exited long position: -4.14 USD (-8.1 pips)
2025-05-10 00:05:10,743 - simulator - INFO - Entered short position: 4314.181865817092 units at 1.09962
2025-05-10 00:05:12,729 - simulator - INFO - Exited short position: -3.95 USD (-7.6 pips)
2025-05-10 00:05:14,788 - simulator - INFO - Entered long position: 4309.195874342394 units at 1.10040
2025-05-10 00:05:16,735 - simulator - INFO - Exited long position: -1.57 USD (-2.1 pips)
2025-05-10 00:05:18,780 - simulator - INFO - Entered short position: 4309.281262736555 units at 1.10015
2025-05-10 00:05:20,726 - simulator - INFO - Exited short position: 1.12 USD (4.1 pips)
2025-05-10 00:05:22,696 - simulator - INFO - Entered long position: 4311.25770059891 units at 1.09974
2025-05-10 00:05:24,709 - simulator - INFO - Exited long position: 0.05 USD (1.7 pips)
2025-05-10 00:05:26,723 - simulator - INFO - Entered short position: 4310.212341290927 units at 1.09997
2025-05-10 00:05:28,704 - simulator - INFO - Exited short position: -4.18 USD (-8.2 pips)
2025-05-10 00:05:30,748 - simulator - INFO - Entered long position: 4304.702743332778 units at 1.10086
2025-05-10 00:05:32,701 - simulator - INFO - Exited long position: -2.28 USD (-3.8 pips)
2025-05-10 00:05:34,755 - simulator - INFO - Entered short position: 4304.8796128441645 units at 1.10051
2025-05-10 00:05:36,759 - simulator - INFO - Exited short position: -1.92 USD (-2.9 pips)
2025-05-10 00:05:38,810 - simulator - INFO - Entered long position: 4302.491821510564 units at 1.10086
2025-05-10 00:05:41,022 - simulator - INFO - Exited long position: -2.61 USD (-4.5 pips)
2025-05-10 00:05:42,731 - simulator - INFO - Entered short position: 4302.697473356411 units at 1.10046
2025-05-10 00:05:44,723 - simulator - INFO - Exited short position: 1.04 USD (3.9 pips)
2025-05-10 00:05:46,696 - simulator - INFO - Entered long position: 4304.521080898013 units at 1.10008
2025-05-10 00:05:48,775 - simulator - INFO - Exited long position: -3.47 USD (-6.5 pips)
2025-05-10 00:05:50,686 - simulator - INFO - Entered short position: 4305.102020472662 units at 1.09949
2025-05-10 00:05:52,730 - simulator - INFO - Exited short position: -2.09 USD (-3.3 pips)
2025-05-10 00:05:54,772 - simulator - INFO - Entered long position: 4303.047231827339 units at 1.09973
2025-05-10 00:05:56,732 - simulator - INFO - Exited long position: -2.03 USD (-3.2 pips)
2025-05-10 00:05:58,707 - simulator - INFO - Entered short position: 4303.172334208949 units at 1.09943
2025-05-10 00:06:00,807 - simulator - INFO - Exited short position: -3.61 USD (-6.9 pips)
2025-05-10 00:06:02,781 - simulator - INFO - Entered long position: 4298.736898216502 units at 1.10010
2025-05-10 00:06:04,783 - simulator - INFO - Exited long position: -3.63 USD (-6.9 pips)
2025-05-10 00:06:06,727 - simulator - INFO - Entered short position: 4299.630235262301 units at 1.09941
2025-05-10 00:06:08,772 - simulator - INFO - Exited short position: -6.97 USD (-14.7 pips)
2025-05-10 00:06:10,728 - simulator - INFO - Entered long position: 4290.595210642724 units at 1.10088
2025-05-10 00:06:12,735 - simulator - INFO - Exited long position: -5.04 USD (-10.2 pips)
2025-05-10 00:06:14,793 - simulator - INFO - Entered short position: 4292.2701315170625 units at 1.09982
2025-05-10 00:06:16,761 - simulator - INFO - Exited short position: -3.03 USD (-5.5 pips)
2025-05-10 00:06:18,741 - simulator - INFO - Entered long position: 4288.733426122311 units at 1.10034
2025-05-10 00:06:20,826 - simulator - INFO - Exited long position: -0.34 USD (0.8 pips)
2025-05-10 00:06:22,685 - simulator - INFO - Entered short position: 4288.231099529772 units at 1.10039
2025-05-10 00:06:24,748 - simulator - INFO - Exited short position: 1.03 USD (3.9 pips)
2025-05-10 00:06:26,776 - simulator - INFO - Entered long position: 4290.113167873091 units at 1.09998
2025-05-10 00:06:28,768 - simulator - INFO - Exited long position: 1.32 USD (4.6 pips)
2025-05-10 00:06:30,717 - simulator - INFO - Entered short position: 4288.731049069748 units at 1.10046
2025-05-10 00:06:32,820 - simulator - INFO - Exited short position: -1.48 USD (-1.9 pips)
2025-05-10 00:06:34,897 - simulator - INFO - Entered long position: 4287.023002602205 units at 1.10068
2025-05-10 00:06:36,750 - simulator - INFO - Exited long position: -1.03 USD (-0.9 pips)
2025-05-10 00:06:38,700 - simulator - INFO - Entered short position: 4286.686160948343 units at 1.10061
2025-05-10 00:06:41,014 - simulator - INFO - Exited short position: 3.05 USD (8.6 pips)
2025-05-10 00:06:42,712 - simulator - INFO - Entered long position: 4291.20067269563 units at 1.09977
2025-05-10 00:06:44,753 - simulator - INFO - Exited long position: -2.82 USD (-5.0 pips)
2025-05-10 00:06:46,760 - simulator - INFO - Entered short position: 4291.589199525127 units at 1.09930
2025-05-10 00:06:48,746 - simulator - INFO - Exited short position: -4.39 USD (-8.7 pips)
2025-05-10 00:06:50,727 - simulator - INFO - Entered long position: 4285.773701242708 units at 1.10024
2025-05-10 00:06:52,812 - simulator - INFO - Exited long position: -2.13 USD (-3.4 pips)
2025-05-10 00:06:55,595 - simulator - INFO - Entered short position: 4286.022138311334 units at 1.09989
2025-05-10 00:06:56,930 - simulator - INFO - Exited short position: 0.18 USD (2.0 pips)
2025-05-10 00:06:58,712 - simulator - INFO - Entered long position: 4286.72931416198 units at 1.09969
2025-05-10 00:07:00,686 - simulator - INFO - Exited long position: 0.82 USD (3.4 pips)
2025-05-10 00:07:02,694 - simulator - INFO - Entered short position: 4285.272534292217 units at 1.10012
2025-05-10 00:07:04,704 - simulator - INFO - Exited short position: -3.40 USD (-6.4 pips)
2025-05-10 00:07:06,764 - simulator - INFO - Entered long position: 4281.046987350108 units at 1.10077
2025-05-10 00:07:08,733 - simulator - INFO - Exited long position: -5.98 USD (-12.4 pips)
2025-05-10 00:07:10,754 - simulator - INFO - Entered short position: 4283.123490303722 units at 1.09950
2025-05-10 00:07:12,754 - simulator - INFO - Exited short position: -5.35 USD (-10.9 pips)
2025-05-10 00:07:14,757 - simulator - INFO - Entered long position: 4276.479621999553 units at 1.10055
2025-05-10 00:07:17,186 - simulator - INFO - Exited long position: -5.20 USD (-10.6 pips)
2025-05-10 00:07:18,760 - simulator - INFO - Entered short position: 4278.148776848066 units at 1.09947
2025-05-10 00:07:20,780 - simulator - INFO - Exited short position: -1.22 USD (-1.3 pips)
2025-05-10 00:07:22,687 - simulator - INFO - Entered long position: 4277.046844445402 units at 1.09958
2025-05-10 00:07:24,728 - simulator - INFO - Exited long position: 0.21 USD (2.0 pips)
2025-05-10 00:07:26,682 - simulator - INFO - Entered short position: 4275.978255094008 units at 1.09984
2025-05-10 00:07:28,728 - simulator - INFO - Exited short position: 0.71 USD (3.2 pips)
2025-05-10 00:07:30,760 - simulator - INFO - Entered long position: 4277.416661789265 units at 1.09951
2025-05-10 00:07:32,753 - simulator - INFO - Exited long position: 3.00 USD (8.5 pips)
2025-05-10 00:07:35,035 - simulator - INFO - Entered short position: 4275.366552008893 units at 1.10035
2025-05-10 00:07:36,711 - simulator - INFO - Exited short position: -0.62 USD (0.1 pips)
2025-05-10 00:07:38,719 - simulator - INFO - Entered long position: 4275.052604478547 units at 1.10032
2025-05-10 00:07:40,951 - simulator - INFO - Exited long position: -4.59 USD (-9.2 pips)
2025-05-10 00:07:42,760 - simulator - INFO - Entered short position: 4276.394037144063 units at 1.09940
2025-05-10 00:07:44,791 - simulator - INFO - Exited short position: -1.02 USD (-0.8 pips)
2025-05-10 00:07:46,782 - simulator - INFO - Entered long position: 4275.304356621112 units at 1.09952
2025-05-10 00:07:48,721 - simulator - INFO - Exited long position: 2.06 USD (6.4 pips)
2025-05-10 00:07:50,807 - simulator - INFO - Entered short position: 4273.4390047942 units at 1.10021
2025-05-10 00:07:52,706 - simulator - INFO - Exited short position: 2.32 USD (7.0 pips)
2025-05-10 00:07:54,869 - simulator - INFO - Entered long position: 4277.163797613251 units at 1.09948
2025-05-10 00:07:56,769 - simulator - INFO - Exited long position: -1.13 USD (-1.1 pips)
2025-05-10 00:07:58,937 - simulator - INFO - Entered short position: 4276.907617870859 units at 1.09937
2025-05-10 00:08:00,835 - simulator - INFO - Exited short position: -5.39 USD (-11.1 pips)
2025-05-10 00:08:02,827 - simulator - INFO - Entered long position: 4269.691392152863 units at 1.10056
2025-05-10 00:08:04,775 - simulator - INFO - Exited long position: -6.73 USD (-14.2 pips)
2025-05-10 00:08:06,790 - simulator - INFO - Entered short position: 4271.918034946107 units at 1.09916
2025-05-10 00:08:08,775 - simulator - INFO - Exited short position: -6.15 USD (-12.8 pips)
2025-05-10 00:08:10,726 - simulator - INFO - Entered long position: 4264.075344380903 units at 1.10043
2025-05-10 00:08:12,738 - simulator - INFO - Exited long position: -6.57 USD (-13.9 pips)
2025-05-10 00:08:14,759 - simulator - INFO - Entered short position: 4266.560695689111 units at 1.09898
2025-05-10 00:08:18,428 - simulator - INFO - Exited short position: -5.10 USD (-10.4 pips)
2025-05-10 00:08:19,243 - simulator - INFO - Entered long position: 4260.0193687634965 units at 1.10003
2025-05-10 00:08:20,704 - simulator - INFO - Exited long position: 1.09 USD (4.1 pips)
2025-05-10 00:08:22,857 - simulator - INFO - Entered short position: 4258.72902026801 units at 1.10045
2025-05-10 00:08:24,684 - simulator - INFO - Exited short position: 2.85 USD (8.2 pips)
2025-05-10 00:08:26,696 - simulator - INFO - Entered long position: 4262.8106391390065 units at 1.09969
2025-05-10 00:08:29,072 - simulator - INFO - Exited long position: 0.14 USD (1.9 pips)
2025-05-10 00:08:30,827 - simulator - INFO - Entered short position: 4261.684786799383 units at 1.09996
2025-05-10 00:08:32,996 - simulator - INFO - Exited short position: -2.81 USD (-5.1 pips)
2025-05-10 00:08:34,855 - simulator - INFO - Entered long position: 4258.381016334462 units at 1.10045
2025-05-10 00:08:36,673 - simulator - INFO - Exited long position: -6.53 USD (-13.8 pips)
2025-05-10 00:08:38,686 - simulator - INFO - Entered short position: 4260.399849705723 units at 1.09912
2025-05-10 00:08:40,708 - simulator - INFO - Exited short position: -5.31 USD (-10.9 pips)
2025-05-10 00:08:42,824 - simulator - INFO - Entered long position: 4253.570562280616 units at 1.10022
2025-05-10 00:08:44,731 - simulator - INFO - Exited long position: -1.11 USD (-1.1 pips)
2025-05-10 00:08:46,866 - simulator - INFO - Entered short position: 4253.1566324837795 units at 1.10016
2025-05-10 00:08:48,691 - simulator - INFO - Exited short position: 0.58 USD (2.9 pips)
2025-05-10 00:08:50,713 - simulator - INFO - Entered long position: 4254.077132581482 units at 1.09995
2025-05-10 00:08:52,774 - simulator - INFO - Exited long position: -1.43 USD (-1.8 pips)
2025-05-10 00:08:54,611 - simulator - INFO - Entered short position: 4254.142107429072 units at 1.09972
2025-05-10 00:08:56,690 - simulator - INFO - Exited short position: 0.13 USD (1.8 pips)
2025-05-10 00:08:58,822 - simulator - INFO - Entered long position: 4254.913155592532 units at 1.09950
2025-05-10 00:09:01,181 - simulator - INFO - Exited long position: -3.02 USD (-5.6 pips)
2025-05-10 00:09:02,741 - simulator - INFO - Entered short position: 4255.215948370625 units at 1.09903
2025-05-10 00:09:04,770 - simulator - INFO - Exited short position: -5.35 USD (-11.0 pips)
2025-05-10 00:09:06,933 - simulator - INFO - Entered long position: 4248.404562573341 units at 1.10012
2025-05-10 00:09:08,840 - simulator - INFO - Exited long position: -0.99 USD (-0.8 pips)
2025-05-10 00:09:10,788 - simulator - INFO - Entered short position: 4247.921277038159 units at 1.10010
2025-05-10 00:09:12,803 - simulator - INFO - Exited short position: 0.40 USD (2.5 pips)
2025-05-10 00:09:14,867 - simulator - INFO - Entered long position: 4248.7097380134965 units at 1.09990
2025-05-10 00:09:16,740 - simulator - INFO - Exited long position: -0.54 USD (0.3 pips)
2025-05-10 00:09:18,836 - simulator - INFO - Entered short position: 4248.355984467459 units at 1.09989
2025-05-10 00:09:20,837 - simulator - INFO - Exited short position: -1.84 USD (-2.8 pips)
2025-05-10 00:09:22,792 - simulator - INFO - Entered long position: 4246.383691116603 units at 1.10014
2025-05-10 00:09:24,711 - simulator - INFO - Exited long position: -0.50 USD (0.4 pips)
2025-05-10 00:09:26,783 - simulator - INFO - Entered short position: 4245.563159047743 units at 1.10026
2025-05-10 00:09:28,707 - simulator - INFO - Exited short position: 2.72 USD (7.9 pips)
2025-05-10 00:09:30,840 - simulator - INFO - Entered long position: 4249.705403964113 units at 1.09947
2025-05-10 00:09:32,726 - simulator - INFO - Exited long position: -1.66 USD (-2.4 pips)
2025-05-10 00:09:34,767 - simulator - INFO - Entered short position: 4249.809572610475 units at 1.09921
2025-05-10 00:09:36,800 - simulator - INFO - Exited short position: -3.13 USD (-5.8 pips)
2025-05-10 00:09:38,754 - simulator - INFO - Entered long position: 4246.271445965974 units at 1.09972
2025-05-10 00:09:40,931 - simulator - INFO - Exited long position: -1.08 USD (-1.0 pips)
2025-05-10 00:09:42,802 - simulator - INFO - Entered short position: 4245.916619468972 units at 1.09964
2025-05-10 00:09:44,714 - simulator - INFO - Exited short position: -3.25 USD (-6.1 pips)
2025-05-10 00:09:46,716 - simulator - INFO - Entered long position: 4242.046452377817 units at 1.10022
2025-05-10 00:09:48,850 - simulator - INFO - Exited long position: -4.67 USD (-9.5 pips)
2025-05-10 00:09:50,715 - simulator - INFO - Entered short position: 4243.518081519954 units at 1.09925
2025-05-10 00:09:52,701 - simulator - INFO - Exited short position: -5.21 USD (-10.7 pips)
2025-05-10 00:09:54,738 - simulator - INFO - Entered long position: 4237.067972644081 units at 1.10028
2025-05-10 00:09:56,747 - simulator - INFO - Exited long position: -0.08 USD (1.4 pips)
2025-05-10 00:09:58,765 - simulator - INFO - Entered short position: 4236.634240363747 units at 1.10034
2025-05-10 00:10:00,741 - simulator - INFO - Exited short position: -1.98 USD (-3.1 pips)
2025-05-10 00:10:02,837 - simulator - INFO - Entered long position: 4234.572875853051 units at 1.10060
2025-05-10 00:10:04,767 - simulator - INFO - Exited long position: -7.15 USD (-15.3 pips)
2025-05-10 00:10:06,726 - simulator - INFO - Entered short position: 4237.177548392859 units at 1.09904
2025-05-10 00:10:08,751 - simulator - INFO - Exited short position: -8.13 USD (-17.6 pips)
2025-05-10 00:10:12,323 - simulator - INFO - Entered long position: 4226.437430084097 units at 1.10084
2025-05-10 00:10:13,032 - simulator - INFO - Exited long position: -9.95 USD (-22.0 pips)
2025-05-10 00:10:14,802 - simulator - INFO - Entered short position: 4229.981957374615 units at 1.09870
2025-05-10 00:10:16,725 - simulator - INFO - Exited short position: -3.67 USD (-7.1 pips)
2025-05-10 00:10:18,717 - simulator - INFO - Entered long position: 4225.358859581911 units at 1.09943
2025-05-10 00:10:20,772 - simulator - INFO - Exited long position: -0.81 USD (-0.4 pips)
2025-05-10 00:10:22,742 - simulator - INFO - Entered short position: 4224.743279032647 units at 1.09946
2025-05-10 00:10:24,711 - simulator - INFO - Exited short position: -0.87 USD (-0.5 pips)
2025-05-10 00:10:26,716 - simulator - INFO - Entered long position: 4223.817411421629 units at 1.09956
2025-05-10 00:10:28,749 - simulator - INFO - Exited long position: -2.05 USD (-3.3 pips)
2025-05-10 00:10:30,751 - simulator - INFO - Entered short position: 4224.068886298498 units at 1.09921
2025-05-10 00:10:32,872 - simulator - INFO - Exited short position: -6.98 USD (-15.0 pips)
2025-05-10 00:10:34,822 - simulator - INFO - Entered long position: 4214.793853958678 units at 1.10076
2025-05-10 00:10:36,689 - simulator - INFO - Exited long position: -7.63 USD (-16.6 pips)
2025-05-10 00:10:38,768 - simulator - INFO - Entered short position: 4217.647396190858 units at 1.09907
2025-05-10 00:10:40,727 - simulator - INFO - Exited short position: -2.49 USD (-4.4 pips)
2025-05-10 00:10:42,702 - simulator - INFO - Entered long position: 4214.85207231022 units at 1.09947
2025-05-10 00:10:44,821 - simulator - INFO - Exited long position: -1.17 USD (-1.2 pips)
2025-05-10 00:10:46,832 - simulator - INFO - Entered short position: 4214.90487902347 units at 1.09928
2025-05-10 00:10:48,711 - simulator - INFO - Exited short position: -0.63 USD (0.1 pips)
2025-05-10 00:10:50,914 - simulator - INFO - Entered long position: 4214.361034158339 units at 1.09930
2025-05-10 00:10:52,692 - simulator - INFO - Exited long position: 2.89 USD (8.4 pips)
2025-05-10 00:10:54,789 - simulator - INFO - Entered short position: 4212.421951640892 units at 1.10011
2025-05-10 00:10:56,760 - simulator - INFO - Exited short position: 1.74 USD (5.7 pips)
2025-05-10 00:10:58,697 - simulator - INFO - Entered long position: 4215.0284062016 units at 1.09960
2025-05-10 00:11:00,709 - simulator - INFO - Exited long position: 1.34 USD (4.7 pips)
2025-05-10 00:11:02,805 - simulator - INFO - Entered short position: 4213.615291886132 units at 1.10009
2025-05-10 00:11:04,717 - simulator - INFO - Exited short position: -1.99 USD (-3.2 pips)
2025-05-10 00:11:06,787 - simulator - INFO - Entered long position: 4211.297613994247 units at 1.10042
2025-05-10 00:11:08,734 - simulator - INFO - Exited long position: -3.97 USD (-7.9 pips)
2025-05-10 00:11:10,719 - simulator - INFO - Entered short position: 4212.68702454448 units at 1.09955
2025-05-10 00:11:12,834 - simulator - INFO - Exited short position: -3.19 USD (-6.0 pips)
2025-05-10 00:11:14,673 - simulator - INFO - Entered long position: 4208.81526933543 units at 1.10014
2025-05-10 00:11:16,725 - simulator - INFO - Exited long position: 1.09 USD (4.1 pips)
2025-05-10 00:11:18,761 - simulator - INFO - Entered short position: 4207.705520379811 units at 1.10052
2025-05-10 00:11:20,829 - simulator - INFO - Exited short position: -1.55 USD (-2.1 pips)
2025-05-10 00:11:22,762 - simulator - INFO - Entered long position: 4206.0766764981345 units at 1.10073
2025-05-10 00:11:24,762 - simulator - INFO - Exited long position: -6.26 USD (-13.3 pips)
2025-05-10 00:11:26,753 - simulator - INFO - Entered short position: 4207.975005007405 units at 1.09945
2025-05-10 00:11:28,887 - simulator - INFO - Exited short position: -1.75 USD (-2.6 pips)
2025-05-10 00:11:30,853 - simulator - INFO - Entered long position: 4205.971369094317 units at 1.09973
2025-05-10 00:11:32,728 - simulator - INFO - Exited long position: 1.96 USD (6.2 pips)
2025-05-10 00:11:34,732 - simulator - INFO - Entered short position: 4204.434452326999 units at 1.10032
2025-05-10 00:11:36,719 - simulator - INFO - Exited short position: 0.38 USD (2.5 pips)
2025-05-10 00:11:38,772 - simulator - INFO - Entered long position: 4205.287444745355 units at 1.10011
2025-05-10 00:11:40,756 - simulator - INFO - Exited long position: -4.91 USD (-10.1 pips)
2025-05-10 00:11:42,721 - simulator - INFO - Entered short position: 4206.687667832357 units at 1.09912
2025-05-10 00:11:44,717 - simulator - INFO - Exited short position: -5.64 USD (-11.9 pips)
2025-05-10 00:11:46,735 - simulator - INFO - Entered long position: 4199.75312808026 units at 1.10022
2025-05-10 00:11:48,737 - simulator - INFO - Exited long position: -6.43 USD (-13.8 pips)
2025-05-10 00:11:50,743 - simulator - INFO - Entered short position: 4201.989159075903 units at 1.09884
2025-05-10 00:11:52,751 - simulator - INFO - Exited short position: -3.99 USD (-8.0 pips)
2025-05-10 00:11:54,850 - simulator - INFO - Entered long position: 4197.06490722539 units at 1.09961
2025-05-10 00:11:56,769 - simulator - INFO - Exited long position: 0.65 USD (3.1 pips)
2025-05-10 00:11:58,752 - simulator - INFO - Entered short position: 4195.974605730473 units at 1.09994
2025-05-10 00:12:00,715 - simulator - INFO - Exited short position: 0.09 USD (1.8 pips)
2025-05-10 00:12:02,850 - simulator - INFO - Entered long position: 4196.756286325813 units at 1.09970
2025-05-10 00:12:04,864 - simulator - INFO - Exited long position: -0.60 USD (0.1 pips)
2025-05-10 00:12:06,687 - simulator - INFO - Entered short position: 4196.139733282158 units at 1.09976
2025-05-10 00:12:08,818 - simulator - INFO - Exited short position: -1.49 USD (-2.0 pips)
2025-05-10 00:12:10,681 - simulator - INFO - Entered long position: 4194.675716247305 units at 1.09992
2025-05-10 00:12:12,698 - simulator - INFO - Exited long position: -0.92 USD (-0.7 pips)
2025-05-10 00:12:14,820 - simulator - INFO - Entered short position: 4194.655924916119 units at 1.09978
2025-05-10 00:12:16,691 - simulator - INFO - Exited short position: -0.17 USD (1.1 pips)
2025-05-10 00:12:18,797 - simulator - INFO - Entered long position: 4194.823722924107 units at 1.09968
2025-05-10 00:12:20,724 - simulator - INFO - Exited long position: 0.69 USD (3.2 pips)
2025-05-10 00:12:22,715 - simulator - INFO - Entered short position: 4193.605098576925 units at 1.10004
2025-05-10 00:12:24,873 - simulator - INFO - Exited short position: 1.60 USD (5.3 pips)
2025-05-10 00:12:26,772 - simulator - INFO - Entered long position: 4196.1876531778535 units at 1.09952
2025-05-10 00:12:28,737 - simulator - INFO - Exited long position: -3.55 USD (-6.9 pips)
2025-05-10 00:12:30,748 - simulator - INFO - Entered short position: 4196.911982422464 units at 1.09886
2025-05-10 00:12:32,778 - simulator - INFO - Exited short position: -5.20 USD (-10.8 pips)
2025-05-10 00:12:34,835 - simulator - INFO - Entered long position: 4190.472837455337 units at 1.09990
2025-05-10 00:12:38,056 - simulator - INFO - Exited long position: -4.16 USD (-8.4 pips)
2025-05-10 00:12:38,797 - simulator - INFO - Entered short position: 4191.641159329557 units at 1.09905
2025-05-10 00:12:40,772 - simulator - INFO - Exited short position: -6.62 USD (-14.2 pips)
2025-05-10 00:12:42,724 - simulator - INFO - Entered long position: 4183.0645632315 units at 1.10048
2025-05-10 00:12:44,719 - simulator - INFO - Exited long position: -5.43 USD (-11.4 pips)
2025-05-10 00:12:46,912 - simulator - INFO - Entered short position: 4184.899903454807 units at 1.09931
2025-05-10 00:12:48,694 - simulator - INFO - Exited short position: -6.20 USD (-13.3 pips)
2025-05-10 00:12:50,687 - simulator - INFO - Entered long position: 4176.851602171438 units at 1.10065
2025-05-10 00:12:52,852 - simulator - INFO - Exited long position: -1.50 USD (-2.0 pips)
2025-05-10 00:12:54,835 - simulator - INFO - Entered short position: 4176.83172565263 units at 1.10043
2025-05-10 00:12:56,692 - simulator - INFO - Exited short position: 2.01 USD (6.3 pips)
2025-05-10 00:12:58,772 - simulator - INFO - Entered long position: 4179.9722468837745 units at 1.09981
2025-05-10 00:13:00,861 - simulator - INFO - Exited long position: -3.62 USD (-7.1 pips)
2025-05-10 00:13:02,695 - simulator - INFO - Entered short position: 4180.871420218054 units at 1.09910
2025-05-10 00:13:04,721 - simulator - INFO - Exited short position: -1.00 USD (-0.9 pips)
2025-05-10 00:13:06,727 - simulator - INFO - Entered long position: 4180.118246392035 units at 1.09914
2025-05-10 00:13:08,905 - simulator - INFO - Exited long position: -0.15 USD (1.2 pips)
2025-05-10 00:13:10,733 - simulator - INFO - Entered short position: 4179.459571306346 units at 1.09926
2025-05-10 00:13:12,929 - simulator - INFO - Exited short position: -7.00 USD (-15.2 pips)
2025-05-10 00:13:14,748 - simulator - INFO - Entered long position: 4170.410196542247 units at 1.10076
2025-05-10 00:13:16,704 - simulator - INFO - Exited long position: -5.22 USD (-11.0 pips)
2025-05-10 00:13:18,728 - simulator - INFO - Entered short position: 4171.893979827252 units at 1.09971
2025-05-10 00:13:20,748 - simulator - INFO - Exited short position: -3.26 USD (-6.3 pips)
2025-05-10 00:13:22,718 - simulator - INFO - Entered long position: 4167.693482747012 units at 1.10039
2025-05-10 00:13:24,707 - simulator - INFO - Exited long position: -1.51 USD (-2.1 pips)
2025-05-10 00:13:26,694 - simulator - INFO - Entered short position: 4167.580814508025 units at 1.10020
2025-05-10 00:13:28,698 - simulator - INFO - Exited short position: 0.47 USD (2.7 pips)
2025-05-10 00:13:30,833 - simulator - INFO - Entered long position: 4168.411415810364 units at 1.10000
2025-05-10 00:13:32,787 - simulator - INFO - Exited long position: -5.02 USD (-10.5 pips)
2025-05-10 00:13:34,719 - simulator - INFO - Entered short position: 4169.708032022995 units at 1.09901
2025-05-10 00:13:36,740 - simulator - INFO - Exited short position: -0.78 USD (-0.3 pips)
2025-05-10 00:13:38,770 - simulator - INFO - Entered long position: 4169.080420695494 units at 1.09905
2025-05-10 00:13:40,804 - simulator - INFO - Exited long position: 3.69 USD (10.4 pips)
2025-05-10 00:13:42,727 - simulator - INFO - Entered short position: 4166.472160652495 units at 1.10014
2025-05-10 00:13:44,713 - simulator - INFO - Exited short position: 0.10 USD (1.8 pips)
2025-05-10 00:13:46,709 - simulator - INFO - Entered long position: 4166.791700099577 units at 1.10003
2025-05-10 00:13:48,726 - simulator - INFO - Exited long position: -3.51 USD (-6.9 pips)
2025-05-10 00:13:50,903 - simulator - INFO - Entered short position: 4167.643109465708 units at 1.09934
2025-05-10 00:13:52,714 - simulator - INFO - Exited short position: -4.69 USD (-9.7 pips)
2025-05-10 00:13:54,856 - simulator - INFO - Entered long position: 4161.693128086567 units at 1.10031
2025-05-10 00:13:56,829 - simulator - INFO - Exited long position: -2.14 USD (-3.6 pips)
2025-05-10 00:13:58,844 - simulator - INFO - Entered short position: 4161.603888836865 units at 1.10004
2025-05-10 00:14:00,713 - simulator - INFO - Exited short position: 1.41 USD (4.9 pips)
2025-05-10 00:14:02,750 - simulator - INFO - Entered long position: 4164.19696565639 units at 1.09949
2025-05-10 00:14:04,716 - simulator - INFO - Exited long position: 1.39 USD (4.9 pips)
2025-05-10 00:14:06,779 - simulator - INFO - Entered short position: 4162.954710403326 units at 1.09994
2025-05-10 00:14:08,730 - simulator - INFO - Exited short position: -3.30 USD (-6.4 pips)
2025-05-10 00:14:10,961 - simulator - INFO - Entered long position: 4159.161665047171 units at 1.10051
2025-05-10 00:14:12,724 - simulator - INFO - Exited long position: -6.17 USD (-13.3 pips)
2025-05-10 00:14:14,783 - simulator - INFO - Entered short position: 4161.185432430923 units at 1.09920
2025-05-10 00:14:16,782 - simulator - INFO - Exited short position: -4.43 USD (-9.1 pips)
2025-05-10 00:14:18,699 - simulator - INFO - Entered long position: 4155.837732415396 units at 1.10004
2025-05-10 00:14:20,807 - simulator - INFO - Exited long position: -2.56 USD (-4.6 pips)
2025-05-10 00:14:22,678 - simulator - INFO - Entered short position: 4156.4098196195355 units at 1.09954
2025-05-10 00:14:24,676 - simulator - INFO - Exited short position: -2.53 USD (-4.6 pips)
2025-05-10 00:14:26,725 - simulator - INFO - Entered long position: 4153.481742686385 units at 1.09997
2025-05-10 00:14:28,892 - simulator - INFO - Exited long position: -5.50 USD (-11.7 pips)
2025-05-10 00:14:30,718 - simulator - INFO - Entered short position: 4155.596298279834 units at 1.09871
2025-05-10 00:14:32,883 - simulator - INFO - Exited short position: -2.81 USD (-5.2 pips)
2025-05-10 00:14:34,771 - simulator - INFO - Entered long position: 4151.968085081381 units at 1.09930
2025-05-10 00:14:36,818 - simulator - INFO - Exited long position: 2.51 USD (7.6 pips)
2025-05-10 00:14:38,770 - simulator - INFO - Entered short position: 4149.93496111714 units at 1.10010
2025-05-10 00:14:40,798 - simulator - INFO - Exited short position: -3.00 USD (-5.7 pips)
2025-05-10 00:14:42,751 - simulator - INFO - Entered long position: 4146.255295121052 units at 1.10068
2025-05-10 00:14:44,789 - simulator - INFO - Exited long position: -5.05 USD (-10.6 pips)
2025-05-10 00:14:46,745 - simulator - INFO - Entered short position: 4147.741249120164 units at 1.09963
2025-05-10 00:14:48,752 - simulator - INFO - Exited short position: -3.36 USD (-6.6 pips)
2025-05-10 00:14:50,719 - simulator - INFO - Entered long position: 4143.650843964724 units at 1.10028
2025-05-10 00:14:52,746 - simulator - INFO - Exited long position: -1.41 USD (-1.9 pips)
2025-05-10 00:14:54,745 - simulator - INFO - Entered short position: 4143.660017215695 units at 1.10007
2025-05-10 00:14:56,674 - simulator - INFO - Exited short position: 0.08 USD (1.7 pips)
2025-05-10 00:14:58,793 - simulator - INFO - Entered long position: 4144.282887045747 units at 1.09987
2025-05-10 00:15:00,890 - simulator - INFO - Exited long position: -1.33 USD (-1.7 pips)
2025-05-10 00:15:02,807 - simulator - INFO - Entered short position: 4144.188519812495 units at 1.09970
2025-05-10 00:15:04,718 - simulator - INFO - Exited short position: -3.23 USD (-6.3 pips)
2025-05-10 00:15:06,743 - simulator - INFO - Entered long position: 4140.151177353365 units at 1.10034
2025-05-10 00:15:08,713 - simulator - INFO - Exited long position: -2.34 USD (-4.1 pips)
2025-05-10 00:15:10,857 - simulator - INFO - Entered short position: 4140.219809347687 units at 1.10000
2025-05-10 00:15:12,820 - simulator - INFO - Exited short position: 0.11 USD (1.8 pips)
2025-05-10 00:15:14,996 - simulator - INFO - Entered long position: 4140.859454521773 units at 1.09981
2025-05-10 00:15:16,712 - simulator - INFO - Exited long position: -2.28 USD (-4.0 pips)
2025-05-10 00:15:18,825 - simulator - INFO - Entered short position: 4141.233197191845 units at 1.09939
2025-05-10 00:15:20,697 - simulator - INFO - Exited short position: -1.21 USD (-1.4 pips)
2025-05-10 00:15:22,807 - simulator - INFO - Entered long position: 4139.907054604289 units at 1.09956
2025-05-10 00:15:24,776 - simulator - INFO - Exited long position: -2.61 USD (-4.8 pips)
2025-05-10 00:15:26,889 - simulator - INFO - Entered short position: 4140.414888031013 units at 1.09907
2025-05-10 00:15:28,704 - simulator - INFO - Exited short position: -3.31 USD (-6.5 pips)
2025-05-10 00:15:30,732 - simulator - INFO - Entered long position: 4136.070175400708 units at 1.09979
2025-05-10 00:15:32,748 - simulator - INFO - Exited long position: 1.13 USD (4.3 pips)
2025-05-10 00:15:34,771 - simulator - INFO - Entered short position: 4134.753972742949 units at 1.10024
2025-05-10 00:15:36,742 - simulator - INFO - Exited short position: 0.96 USD (3.9 pips)
2025-05-10 00:15:38,926 - simulator - INFO - Entered long position: 4136.521070204947 units at 1.09984
2025-05-10 00:15:40,726 - simulator - INFO - Exited long position: -5.72 USD (-12.3 pips)
2025-05-10 00:15:42,773 - simulator - INFO - Entered short position: 4138.260408195268 units at 1.09865
2025-05-10 00:15:44,739 - simulator - INFO - Exited short position: -7.21 USD (-15.9 pips)
2025-05-10 00:15:46,798 - simulator - INFO - Entered long position: 4128.855195059041 units at 1.10024
2025-05-10 00:15:48,747 - simulator - INFO - Exited long position: -5.13 USD (-10.9 pips)
2025-05-10 00:15:50,751 - simulator - INFO - Entered short position: 4130.8155336701675 units at 1.09906
2025-05-10 00:15:52,776 - simulator - INFO - Exited short position: -5.88 USD (-12.7 pips)
2025-05-10 00:15:54,835 - simulator - INFO - Entered long position: 4123.148146927503 units at 1.10035
2025-05-10 00:15:56,833 - simulator - INFO - Exited long position: -2.07 USD (-3.5 pips)
2025-05-10 00:15:58,726 - simulator - INFO - Entered short position: 4123.118887827019 units at 1.10007
2025-05-10 00:16:00,792 - simulator - INFO - Exited short position: 0.51 USD (2.8 pips)
2025-05-10 00:16:02,773 - simulator - INFO - Entered long position: 4124.291157219698 units at 1.09978
2025-05-10 00:16:04,866 - simulator - INFO - Exited long position: -0.10 USD (1.3 pips)
2025-05-10 00:16:06,707 - simulator - INFO - Entered short position: 4123.653905974017 units at 1.09990
2025-05-10 00:16:08,699 - simulator - INFO - Exited short position: 1.51 USD (5.2 pips)
2025-05-10 00:16:10,756 - simulator - INFO - Entered long position: 4125.876558955962 units at 1.09945
2025-05-10 00:16:12,701 - simulator - INFO - Exited long position: -2.35 USD (-4.2 pips)
2025-05-10 00:16:14,756 - simulator - INFO - Entered short position: 4126.22357791136 units at 1.09904
2025-05-10 00:16:16,685 - simulator - INFO - Exited short position: -3.43 USD (-6.8 pips)
2025-05-10 00:16:18,729 - simulator - INFO - Entered long position: 4121.8940886214095 units at 1.09974
2025-05-10 00:16:20,762 - simulator - INFO - Exited long position: -1.45 USD (-2.0 pips)
2025-05-10 00:16:22,773 - simulator - INFO - Entered short position: 4121.586927880358 units at 1.09960
2025-05-10 00:16:24,789 - simulator - INFO - Exited short position: -1.55 USD (-2.2 pips)
2025-05-10 00:16:26,754 - simulator - INFO - Entered long position: 4119.989854224861 units at 1.09980
2025-05-10 00:16:33,744 - simulator - INFO - Exited long position: -1.13 USD (-1.2 pips)
2025-05-10 00:16:34,581 - simulator - INFO - Entered short position: 4119.7675344010095 units at 1.09969
2025-05-10 00:16:35,287 - simulator - INFO - Exited short position: -3.05 USD (-5.9 pips)
2025-05-10 00:16:36,040 - simulator - INFO - Entered long position: 4116.165704629206 units at 1.10024
2025-05-10 00:16:36,821 - simulator - INFO - Exited long position: -5.69 USD (-12.3 pips)
2025-05-10 00:16:38,859 - simulator - INFO - Entered short position: 4117.8759355217135 units at 1.09905
2025-05-10 00:16:40,737 - simulator - INFO - Exited short position: -1.60 USD (-2.3 pips)
2025-05-10 00:16:42,693 - simulator - INFO - Entered long position: 4116.118663535104 units at 1.09929
2025-05-10 00:16:44,753 - simulator - INFO - Exited long position: -0.79 USD (-0.4 pips)
2025-05-10 00:16:46,933 - simulator - INFO - Entered short position: 4115.983096412082 units at 1.09919
2025-05-10 00:16:48,781 - simulator - INFO - Exited short position: -0.71 USD (-0.2 pips)
2025-05-10 00:16:51,098 - simulator - INFO - Entered long position: 4115.392465424555 units at 1.09923
2025-05-10 00:16:52,788 - simulator - INFO - Exited long position: 2.17 USD (6.8 pips)
2025-05-10 00:16:54,738 - simulator - INFO - Entered short position: 4113.516926071588 units at 1.09995
2025-05-10 00:16:56,793 - simulator - INFO - Exited short position: -3.72 USD (-7.5 pips)
2025-05-10 00:16:58,753 - simulator - INFO - Entered long position: 4108.872997507436 units at 1.10070
2025-05-10 00:17:00,764 - simulator - INFO - Exited long position: -9.95 USD (-22.7 pips)
2025-05-10 00:17:02,713 - simulator - INFO - Entered long position: 4104.747933264021 units at 1.10056
2025-05-10 00:17:04,872 - simulator - INFO - Exited long position: -5.21 USD (-11.1 pips)
2025-05-10 00:17:06,689 - simulator - INFO - Entered short position: 4106.59774274537 units at 1.09939
2025-05-10 00:17:08,838 - simulator - INFO - Exited short position: -3.95 USD (-8.1 pips)
2025-05-10 00:17:10,753 - simulator - INFO - Entered long position: 4101.77719125977 units at 1.10016
2025-05-10 00:17:12,700 - simulator - INFO - Exited long position: -3.04 USD (-5.9 pips)
2025-05-10 00:17:16,176 - simulator - INFO - Entered short position: 4102.255720559295 units at 1.09963
2025-05-10 00:17:16,977 - simulator - INFO - Exited short position: -2.95 USD (-5.6 pips)
2025-05-10 00:17:18,839 - simulator - INFO - Entered long position: 4098.5551893482025 units at 1.10022
2025-05-10 00:17:20,709 - simulator - INFO - Exited long position: -4.00 USD (-8.2 pips)
2025-05-10 00:17:22,788 - simulator - INFO - Entered short position: 4099.619260616951 units at 1.09941
2025-05-10 00:17:24,775 - simulator - INFO - Exited short position: -1.35 USD (-1.8 pips)
2025-05-10 00:17:26,810 - simulator - INFO - Entered long position: 4098.187581600495 units at 1.09959
2025-05-10 00:17:28,717 - simulator - INFO - Exited long position: -1.38 USD (-1.8 pips)
2025-05-10 00:17:32,092 - simulator - INFO - Entered short position: 4098.110803325011 units at 1.09940
2025-05-10 00:17:32,851 - simulator - INFO - Exited short position: -0.63 USD (0.0 pips)
2025-05-10 00:17:34,794 - simulator - INFO - Entered long position: 4097.7480154070545 units at 1.09939
2025-05-10 00:17:36,782 - simulator - INFO - Exited long position: -0.65 USD (-0.0 pips)
2025-05-10 00:17:38,747 - simulator - INFO - Entered short position: 4097.661320437926 units at 1.09929
2025-05-10 00:17:40,951 - simulator - INFO - Exited short position: -2.03 USD (-3.4 pips)
2025-05-10 00:17:42,745 - simulator - INFO - Entered long position: 4095.3331991816585 units at 1.09963
2025-05-10 00:17:44,776 - simulator - INFO - Exited long position: -1.70 USD (-2.6 pips)
2025-05-10 00:17:46,873 - simulator - INFO - Entered short position: 4095.5375966448314 units at 1.09933
2025-05-10 00:17:48,720 - simulator - INFO - Exited short position: -5.86 USD (-12.8 pips)
2025-05-10 00:17:50,707 - simulator - INFO - Entered long position: 4087.7827384428792 units at 1.10066
2025-05-10 00:17:52,680 - simulator - INFO - Exited long position: -6.43 USD (-14.2 pips)
2025-05-10 00:17:54,742 - simulator - INFO - Entered short position: 4089.9845639589953 units at 1.09924
2025-05-10 00:17:56,702 - simulator - INFO - Exited short position: -4.37 USD (-9.1 pips)
2025-05-10 00:17:58,712 - simulator - INFO - Entered long position: 4084.4671178835697 units at 1.10015
2025-05-10 00:18:00,687 - simulator - INFO - Exited long position: -4.76 USD (-10.1 pips)
2025-05-10 00:18:02,716 - simulator - INFO - Entered short position: 4085.9131677187834 units at 1.09914
2025-05-10 00:18:04,735 - simulator - INFO - Exited short position: -3.82 USD (-7.8 pips)
2025-05-10 00:18:06,978 - simulator - INFO - Entered long position: 4081.068173512288 units at 1.09994
2025-05-10 00:18:08,730 - simulator - INFO - Exited long position: -2.92 USD (-5.6 pips)
2025-05-10 00:18:10,802 - simulator - INFO - Entered short position: 4081.4794843913546 units at 1.09943
2025-05-10 00:18:12,711 - simulator - INFO - Exited short position: -4.31 USD (-9.0 pips)
2025-05-10 00:18:14,715 - simulator - INFO - Entered long position: 4075.818480390852 units at 1.10039
2025-05-10 00:18:16,795 - simulator - INFO - Exited long position: -5.59 USD (-12.2 pips)
2025-05-10 00:18:18,710 - simulator - INFO - Entered short position: 4077.703784765084 units at 1.09916
2025-05-10 00:18:20,756 - simulator - INFO - Exited short position: -1.71 USD (-2.7 pips)
2025-05-10 00:18:22,788 - simulator - INFO - Entered long position: 4075.54250278196 units at 1.09950
2025-05-10 00:18:24,676 - simulator - INFO - Exited long position: -0.21 USD (1.0 pips)
2025-05-10 00:18:26,691 - simulator - INFO - Entered short position: 4075.005361825198 units at 1.09958
2025-05-10 00:18:28,790 - simulator - INFO - Exited short position: -4.77 USD (-10.2 pips)
2025-05-10 00:18:30,801 - simulator - INFO - Entered long position: 4068.7505475320463 units at 1.10064
2025-05-10 00:18:32,671 - simulator - INFO - Exited long position: -2.52 USD (-4.7 pips)
2025-05-10 00:18:34,723 - simulator - INFO - Entered short position: 4069.019005409302 units at 1.10022
2025-05-10 00:18:36,700 - simulator - INFO - Exited short position: -0.82 USD (-0.5 pips)
2025-05-10 00:18:38,792 - simulator - INFO - Entered long position: 4068.4590508615165 units at 1.10023
2025-05-10 00:18:40,734 - simulator - INFO - Exited long position: -4.78 USD (-10.2 pips)
2025-05-10 00:18:42,694 - simulator - INFO - Entered short position: 4070.205797378044 units at 1.09914
2025-05-10 00:18:44,681 - simulator - INFO - Exited short position: -7.86 USD (-17.8 pips)
2025-05-10 00:18:46,715 - simulator - INFO - Entered long position: 4059.9711372161723 units at 1.10090
2025-05-10 00:18:48,766 - simulator - INFO - Exited long position: -3.18 USD (-6.3 pips)
2025-05-10 00:18:50,999 - simulator - INFO - Entered short position: 4060.534079412813 units at 1.10032
2025-05-10 00:18:52,738 - simulator - INFO - Exited short position: 0.14 USD (1.9 pips)
2025-05-10 00:18:54,767 - simulator - INFO - Entered long position: 4060.9569246397955 units at 1.10018
2025-05-10 00:18:56,690 - simulator - INFO - Exited long position: -3.19 USD (-6.3 pips)
2025-05-10 00:18:58,732 - simulator - INFO - Entered short position: 4061.7110033518356 units at 1.09955
2025-05-10 00:19:00,804 - simulator - INFO - Exited short position: -4.32 USD (-9.1 pips)
2025-05-10 00:19:02,732 - simulator - INFO - Entered long position: 4056.4075361024074 units at 1.10042
2025-05-10 00:19:05,776 - simulator - INFO - Exited long position: -4.30 USD (-9.0 pips)
2025-05-10 00:19:07,059 - simulator - INFO - Entered short position: 4057.6385424286286 units at 1.09951
2025-05-10 00:19:08,762 - simulator - INFO - Exited short position: -5.60 USD (-12.3 pips)
2025-05-10 00:19:10,675 - simulator - INFO - Entered long position: 4050.5364900742857 units at 1.10071
2025-05-10 00:19:12,776 - simulator - INFO - Exited long position: -5.30 USD (-11.6 pips)
2025-05-10 00:19:14,946 - simulator - INFO - Entered short position: 4052.5379756389393 units at 1.09948
2025-05-10 00:19:16,711 - simulator - INFO - Exited short position: -2.83 USD (-5.4 pips)
2025-05-10 00:19:18,968 - simulator - INFO - Entered long position: 4049.0268813015196 units at 1.10004
2025-05-10 00:19:20,755 - simulator - INFO - Exited long position: -1.32 USD (-1.7 pips)
2025-05-10 00:19:22,838 - simulator - INFO - Entered short position: 4048.784189363399 units at 1.09991
2025-05-10 00:19:24,846 - simulator - INFO - Exited short position: -1.59 USD (-2.4 pips)
2025-05-10 00:19:26,701 - simulator - INFO - Entered long position: 4046.9846727240047 units at 1.10016
2025-05-10 00:19:28,812 - simulator - INFO - Exited long position: -4.58 USD (-9.8 pips)
2025-05-10 00:19:30,833 - simulator - INFO - Entered short position: 4048.4751245095317 units at 1.09915
2025-05-10 00:19:32,753 - simulator - INFO - Exited short position: -6.10 USD (-13.5 pips)
2025-05-10 00:19:35,030 - simulator - INFO - Entered long position: 4040.647616108612 units at 1.10049
2025-05-10 00:19:36,788 - simulator - INFO - Exited long position: -0.32 USD (0.7 pips)
2025-05-10 00:19:38,698 - simulator - INFO - Entered short position: 4040.3148429896864 units at 1.10050
2025-05-10 00:19:40,719 - simulator - INFO - Exited short position: 0.88 USD (3.7 pips)
2025-05-10 00:19:42,753 - simulator - INFO - Entered long position: 4042.0294548874663 units at 1.10010
2025-05-10 00:19:44,695 - simulator - INFO - Exited long position: -1.60 USD (-2.4 pips)
2025-05-10 00:19:46,727 - simulator - INFO - Entered short position: 4042.085995439349 units at 1.09985
2025-05-10 00:19:48,769 - simulator - INFO - Exited short position: -2.15 USD (-3.8 pips)
2025-05-10 00:19:50,710 - simulator - INFO - Entered long position: 4039.486077078112 units at 1.10026
2025-05-10 00:19:52,726 - simulator - INFO - Exited long position: -4.57 USD (-9.8 pips)
2025-05-10 00:19:54,790 - simulator - INFO - Entered short position: 4040.848393612104 units at 1.09928
2025-05-10 00:19:56,736 - simulator - INFO - Exited short position: -2.14 USD (-3.8 pips)
2025-05-10 00:19:58,682 - simulator - INFO - Entered long position: 4038.3103759819405 units at 1.09967
2025-05-10 00:20:00,705 - simulator - INFO - Exited long position: 4.15 USD (11.8 pips)
