2025-05-09 21:25:02,870 - strategy - INFO - Initialized Hybrid Voting strategy with parameters: {'ma_crossover_weight': 1.0, 'rsi_mean_reversion_weight': 1.0, 'voting_threshold': 0.6, 'minimum_confirmation': 0.5, 'position_sizing_factor': 1.0, 'profit_target': 0.006, 'stop_loss': 0.003, 'trailing_stop': True, 'trailing_stop_activation': 0.002, 'trailing_stop_distance': 0.0015, 'atr_filter_period': 14, 'atr_filter_multiplier': 1.0, 'volatility_filter': True}
2025-05-09 21:25:02,870 - strategy - INFO - Initialized Moving Average Crossover strategy with parameters: {'fast_ma_period': 10, 'slow_ma_period': 50, 'ma_type': 'EMA', 'signal_threshold': 0.0, 'exit_after_bars': 20, 'profit_target': 0.005, 'stop_loss': 0.003, 'enable_trailing_stop': True, 'trailing_stop_activation': 0.002, 'trailing_stop_distance': 0.0015}
2025-05-09 21:25:02,870 - strategy - INFO - Initialized RSI Mean Reversion strategy with parameters: {'rsi_period': 14, 'overbought_threshold': 70, 'oversold_threshold': 30, 'mean_period': 200, 'counter_trend_factor': 1.5, 'exit_rsi_level': 50, 'profit_target': 0.004, 'stop_loss': 0.002, 'max_holding_period': 15, 'confirmation_candles': 2}
2025-05-09 21:28:49,082 - strategy - INFO - Initialized Hybrid Voting strategy with parameters: {'ma_crossover_weight': 1.0, 'rsi_mean_reversion_weight': 1.0, 'voting_threshold': 0.6, 'minimum_confirmation': 0.5, 'position_sizing_factor': 1.0, 'profit_target': 0.006, 'stop_loss': 0.003, 'trailing_stop': True, 'trailing_stop_activation': 0.002, 'trailing_stop_distance': 0.0015, 'atr_filter_period': 14, 'atr_filter_multiplier': 1.0, 'volatility_filter': True}
2025-05-09 21:28:49,082 - strategy - INFO - Initialized Moving Average Crossover strategy with parameters: {'fast_ma_period': 10, 'slow_ma_period': 50, 'ma_type': 'EMA', 'signal_threshold': 0.0, 'exit_after_bars': 20, 'profit_target': 0.005, 'stop_loss': 0.003, 'enable_trailing_stop': True, 'trailing_stop_activation': 0.002, 'trailing_stop_distance': 0.0015}
2025-05-09 21:28:49,082 - strategy - INFO - Initialized RSI Mean Reversion strategy with parameters: {'rsi_period': 14, 'overbought_threshold': 70, 'oversold_threshold': 30, 'mean_period': 200, 'counter_trend_factor': 1.5, 'exit_rsi_level': 50, 'profit_target': 0.004, 'stop_loss': 0.002, 'max_holding_period': 15, 'confirmation_candles': 2}
2025-05-09 21:28:51,257 - strategy - ERROR - Error applying sentiment filter: 'str' object has no attribute 'get'
2025-05-09 21:28:54,097 - strategy - ERROR - Error applying sentiment filter: 'str' object has no attribute 'get'
2025-05-09 21:29:01,931 - strategy - ERROR - Error applying sentiment filter: 'str' object has no attribute 'get'
2025-05-09 21:29:21,898 - strategy - INFO - Initialized Moving Average Crossover strategy with parameters: {'fast_ma_period': 10, 'slow_ma_period': 50, 'ma_type': 'EMA', 'signal_threshold': 0.0, 'exit_after_bars': 20, 'profit_target': 0.005, 'stop_loss': 0.003, 'enable_trailing_stop': True, 'trailing_stop_activation': 0.002, 'trailing_stop_distance': 0.0015}
2025-05-09 21:29:24,726 - strategy - ERROR - Error applying sentiment filter: 'str' object has no attribute 'get'
2025-05-09 21:33:16,678 - strategy - INFO - Initialized Hybrid Voting strategy with parameters: {'ma_crossover_weight': 1.0, 'rsi_mean_reversion_weight': 1.0, 'voting_threshold': 0.6, 'minimum_confirmation': 0.5, 'position_sizing_factor': 1.0, 'profit_target': 0.006, 'stop_loss': 0.003, 'trailing_stop': True, 'trailing_stop_activation': 0.002, 'trailing_stop_distance': 0.0015, 'atr_filter_period': 14, 'atr_filter_multiplier': 1.0, 'volatility_filter': True}
2025-05-09 21:33:16,678 - strategy - INFO - Initialized Moving Average Crossover strategy with parameters: {'fast_ma_period': 10, 'slow_ma_period': 50, 'ma_type': 'EMA', 'signal_threshold': 0.0, 'exit_after_bars': 20, 'profit_target': 0.005, 'stop_loss': 0.003, 'enable_trailing_stop': True, 'trailing_stop_activation': 0.002, 'trailing_stop_distance': 0.0015}
2025-05-09 21:33:16,679 - strategy - INFO - Initialized RSI Mean Reversion strategy with parameters: {'rsi_period': 14, 'overbought_threshold': 70, 'oversold_threshold': 30, 'mean_period': 200, 'counter_trend_factor': 1.5, 'exit_rsi_level': 50, 'profit_target': 0.004, 'stop_loss': 0.002, 'max_holding_period': 15, 'confirmation_candles': 2}
2025-05-09 21:33:51,726 - strategy - INFO - Initialized Hybrid Voting strategy with parameters: {'ma_crossover_weight': 1.0, 'rsi_mean_reversion_weight': 1.0, 'voting_threshold': 0.6, 'minimum_confirmation': 0.5, 'position_sizing_factor': 1.0, 'profit_target': 0.006, 'stop_loss': 0.003, 'trailing_stop': True, 'trailing_stop_activation': 0.002, 'trailing_stop_distance': 0.0015, 'atr_filter_period': 14, 'atr_filter_multiplier': 1.0, 'volatility_filter': True}
2025-05-09 21:33:51,727 - strategy - INFO - Initialized Moving Average Crossover strategy with parameters: {'fast_ma_period': 10, 'slow_ma_period': 50, 'ma_type': 'EMA', 'signal_threshold': 0.0, 'exit_after_bars': 20, 'profit_target': 0.005, 'stop_loss': 0.003, 'enable_trailing_stop': True, 'trailing_stop_activation': 0.002, 'trailing_stop_distance': 0.0015}
2025-05-09 21:33:51,727 - strategy - INFO - Initialized RSI Mean Reversion strategy with parameters: {'rsi_period': 14, 'overbought_threshold': 70, 'oversold_threshold': 30, 'mean_period': 200, 'counter_trend_factor': 1.5, 'exit_rsi_level': 50, 'profit_target': 0.004, 'stop_loss': 0.002, 'max_holding_period': 15, 'confirmation_candles': 2}
2025-05-09 21:33:52,051 - strategy - INFO - Initialized Hybrid Voting strategy with parameters: {'ma_crossover_weight': 1.0, 'rsi_mean_reversion_weight': 1.0, 'voting_threshold': 0.6, 'minimum_confirmation': 0.5, 'position_sizing_factor': 1.0, 'profit_target': 0.006, 'stop_loss': 0.003, 'trailing_stop': True, 'trailing_stop_activation': 0.002, 'trailing_stop_distance': 0.0015, 'atr_filter_period': 14, 'atr_filter_multiplier': 1.0, 'volatility_filter': True}
2025-05-09 21:33:52,052 - strategy - INFO - Initialized Moving Average Crossover strategy with parameters: {'fast_ma_period': 10, 'slow_ma_period': 50, 'ma_type': 'EMA', 'signal_threshold': 0.0, 'exit_after_bars': 20, 'profit_target': 0.005, 'stop_loss': 0.003, 'enable_trailing_stop': True, 'trailing_stop_activation': 0.002, 'trailing_stop_distance': 0.0015}
2025-05-09 21:33:52,052 - strategy - INFO - Initialized RSI Mean Reversion strategy with parameters: {'rsi_period': 14, 'overbought_threshold': 70, 'oversold_threshold': 30, 'mean_period': 200, 'counter_trend_factor': 1.5, 'exit_rsi_level': 50, 'profit_target': 0.004, 'stop_loss': 0.002, 'max_holding_period': 15, 'confirmation_candles': 2}
2025-05-09 21:33:52,058 - strategy - INFO - Updated Hybrid Voting strategy parameters: {'ma_crossover_weight': 0.8, 'rsi_mean_reversion_weight': 2.0, 'voting_threshold': 0.8, 'profit_target': 0.007, 'stop_loss': 0.0015}
2025-05-09 21:33:52,059 - strategy - INFO - Updated Moving Average Crossover strategy parameters: {'weight': 0.8}
2025-05-09 21:33:52,059 - strategy - INFO - Updated RSI Mean Reversion strategy parameters: {'weight': 2.0}
2025-05-09 21:33:53,726 - strategy - ERROR - Error applying sentiment filter: 'str' object has no attribute 'get'
2025-05-09 21:33:55,468 - strategy - ERROR - Error applying sentiment filter: 'str' object has no attribute 'get'
2025-05-09 21:33:58,490 - strategy - ERROR - Error applying sentiment filter: 'str' object has no attribute 'get'
2025-05-09 21:33:59,625 - strategy - INFO - Updated Hybrid Voting strategy parameters: {'ma_crossover_weight': 0.4, 'rsi_mean_reversion_weight': 0.2, 'voting_threshold': 0.8500000000000001, 'profit_target': 0.007, 'stop_loss': 0.0045000000000000005}
2025-05-09 21:33:59,626 - strategy - INFO - Updated Moving Average Crossover strategy parameters: {'weight': 0.4}
2025-05-09 21:33:59,626 - strategy - INFO - Updated RSI Mean Reversion strategy parameters: {'weight': 0.2}
2025-05-09 21:34:01,026 - strategy - ERROR - Error applying sentiment filter: 'str' object has no attribute 'get'
2025-05-09 21:34:02,900 - strategy - ERROR - Error applying sentiment filter: 'str' object has no attribute 'get'
2025-05-09 21:34:05,870 - strategy - ERROR - Error applying sentiment filter: 'str' object has no attribute 'get'
2025-05-09 21:34:06,945 - strategy - INFO - Updated Hybrid Voting strategy parameters: {'ma_crossover_weight': 0.1, 'rsi_mean_reversion_weight': 2.0, 'voting_threshold': 0.8500000000000001, 'profit_target': 0.004, 'stop_loss': 0.002}
2025-05-09 21:34:06,945 - strategy - INFO - Updated Moving Average Crossover strategy parameters: {'weight': 0.1}
2025-05-09 21:34:06,946 - strategy - INFO - Updated RSI Mean Reversion strategy parameters: {'weight': 2.0}
2025-05-09 21:34:08,238 - strategy - ERROR - Error applying sentiment filter: 'str' object has no attribute 'get'
2025-05-09 21:34:09,717 - strategy - ERROR - Error applying sentiment filter: 'str' object has no attribute 'get'
2025-05-09 21:34:12,119 - strategy - ERROR - Error applying sentiment filter: 'str' object has no attribute 'get'
2025-05-09 21:34:13,246 - strategy - INFO - Updated Hybrid Voting strategy parameters: {'ma_crossover_weight': 0.4, 'rsi_mean_reversion_weight': 0.7000000000000001, 'voting_threshold': 0.7, 'profit_target': 0.006, 'stop_loss': 0.0025}
2025-05-09 21:34:13,246 - strategy - INFO - Updated Moving Average Crossover strategy parameters: {'weight': 0.4}
2025-05-09 21:34:13,247 - strategy - INFO - Updated RSI Mean Reversion strategy parameters: {'weight': 0.7000000000000001}
2025-05-09 21:34:14,572 - strategy - ERROR - Error applying sentiment filter: 'str' object has no attribute 'get'
2025-05-09 21:34:16,205 - strategy - ERROR - Error applying sentiment filter: 'str' object has no attribute 'get'
2025-05-09 21:34:18,967 - strategy - ERROR - Error applying sentiment filter: 'str' object has no attribute 'get'
2025-05-09 21:34:20,657 - strategy - INFO - Updated Hybrid Voting strategy parameters: {'ma_crossover_weight': 1.3000000000000003, 'rsi_mean_reversion_weight': 0.30000000000000004, 'voting_threshold': 0.6, 'profit_target': 0.005, 'stop_loss': 0.0035}
2025-05-09 21:34:20,657 - strategy - INFO - Updated Moving Average Crossover strategy parameters: {'weight': 1.3000000000000003}
2025-05-09 21:34:20,657 - strategy - INFO - Updated RSI Mean Reversion strategy parameters: {'weight': 0.30000000000000004}
2025-05-09 21:34:22,218 - strategy - ERROR - Error applying sentiment filter: 'str' object has no attribute 'get'
2025-05-09 21:34:24,189 - strategy - ERROR - Error applying sentiment filter: 'str' object has no attribute 'get'
2025-05-09 21:34:27,051 - strategy - ERROR - Error applying sentiment filter: 'str' object has no attribute 'get'
2025-05-09 23:30:22,239 - strategy - INFO - Initialized Hybrid Voting strategy with parameters: {'ma_crossover_weight': 1.0, 'rsi_mean_reversion_weight': 1.0, 'voting_threshold': 0.6, 'minimum_confirmation': 0.5, 'position_sizing_factor': 1.0, 'profit_target': 0.006, 'stop_loss': 0.003, 'trailing_stop': True, 'trailing_stop_activation': 0.002, 'trailing_stop_distance': 0.0015, 'atr_filter_period': 14, 'atr_filter_multiplier': 1.0, 'volatility_filter': True}
2025-05-09 23:30:22,240 - strategy - INFO - Initialized Moving Average Crossover strategy with parameters: {'fast_ma_period': 10, 'slow_ma_period': 50, 'ma_type': 'EMA', 'signal_threshold': 0.0, 'exit_after_bars': 20, 'profit_target': 0.005, 'stop_loss': 0.003, 'enable_trailing_stop': True, 'trailing_stop_activation': 0.002, 'trailing_stop_distance': 0.0015}
2025-05-09 23:30:22,240 - strategy - INFO - Initialized RSI Mean Reversion strategy with parameters: {'rsi_period': 14, 'overbought_threshold': 70, 'oversold_threshold': 30, 'mean_period': 200, 'counter_trend_factor': 1.5, 'exit_rsi_level': 50, 'profit_target': 0.004, 'stop_loss': 0.002, 'max_holding_period': 15, 'confirmation_candles': 2}
2025-05-09 23:30:24,505 - strategy - INFO - Initialized Hybrid Voting strategy with parameters: {'ma_crossover_weight': 1.0, 'rsi_mean_reversion_weight': 1.0, 'voting_threshold': 0.6, 'minimum_confirmation': 0.5, 'position_sizing_factor': 1.0, 'profit_target': 0.006, 'stop_loss': 0.003, 'trailing_stop': True, 'trailing_stop_activation': 0.002, 'trailing_stop_distance': 0.0015, 'atr_filter_period': 14, 'atr_filter_multiplier': 1.0, 'volatility_filter': True}
2025-05-09 23:30:24,505 - strategy - INFO - Initialized Moving Average Crossover strategy with parameters: {'fast_ma_period': 10, 'slow_ma_period': 50, 'ma_type': 'EMA', 'signal_threshold': 0.0, 'exit_after_bars': 20, 'profit_target': 0.005, 'stop_loss': 0.003, 'enable_trailing_stop': True, 'trailing_stop_activation': 0.002, 'trailing_stop_distance': 0.0015}
2025-05-09 23:30:24,505 - strategy - INFO - Initialized RSI Mean Reversion strategy with parameters: {'rsi_period': 14, 'overbought_threshold': 70, 'oversold_threshold': 30, 'mean_period': 200, 'counter_trend_factor': 1.5, 'exit_rsi_level': 50, 'profit_target': 0.004, 'stop_loss': 0.002, 'max_holding_period': 15, 'confirmation_candles': 2}
2025-05-09 23:30:24,764 - strategy - INFO - Initialized Hybrid Voting strategy with parameters: {'ma_crossover_weight': 1.0, 'rsi_mean_reversion_weight': 1.0, 'voting_threshold': 0.6, 'minimum_confirmation': 0.5, 'position_sizing_factor': 1.0, 'profit_target': 0.006, 'stop_loss': 0.003, 'trailing_stop': True, 'trailing_stop_activation': 0.002, 'trailing_stop_distance': 0.0015, 'atr_filter_period': 14, 'atr_filter_multiplier': 1.0, 'volatility_filter': True}
2025-05-09 23:30:24,764 - strategy - INFO - Initialized Moving Average Crossover strategy with parameters: {'fast_ma_period': 10, 'slow_ma_period': 50, 'ma_type': 'EMA', 'signal_threshold': 0.0, 'exit_after_bars': 20, 'profit_target': 0.005, 'stop_loss': 0.003, 'enable_trailing_stop': True, 'trailing_stop_activation': 0.002, 'trailing_stop_distance': 0.0015}
2025-05-09 23:30:24,764 - strategy - INFO - Initialized RSI Mean Reversion strategy with parameters: {'rsi_period': 14, 'overbought_threshold': 70, 'oversold_threshold': 30, 'mean_period': 200, 'counter_trend_factor': 1.5, 'exit_rsi_level': 50, 'profit_target': 0.004, 'stop_loss': 0.002, 'max_holding_period': 15, 'confirmation_candles': 2}
2025-05-09 23:30:24,767 - strategy - INFO - Updated Hybrid Voting strategy parameters: {'ma_crossover_weight': 0.8, 'rsi_mean_reversion_weight': 2.0, 'voting_threshold': 0.8, 'profit_target': 0.007, 'stop_loss': 0.0015}
2025-05-09 23:30:24,767 - strategy - INFO - Updated Moving Average Crossover strategy parameters: {'weight': 0.8}
2025-05-09 23:30:24,767 - strategy - INFO - Updated RSI Mean Reversion strategy parameters: {'weight': 2.0}
2025-05-09 23:30:26,126 - strategy - ERROR - Error applying sentiment filter: 'str' object has no attribute 'get'
2025-05-09 23:30:27,591 - strategy - ERROR - Error applying sentiment filter: 'str' object has no attribute 'get'
2025-05-09 23:30:30,376 - strategy - ERROR - Error applying sentiment filter: 'str' object has no attribute 'get'
2025-05-09 23:30:31,451 - strategy - INFO - Updated Hybrid Voting strategy parameters: {'ma_crossover_weight': 0.4, 'rsi_mean_reversion_weight': 0.2, 'voting_threshold': 0.8500000000000001, 'profit_target': 0.007, 'stop_loss': 0.0045000000000000005}
2025-05-09 23:30:31,451 - strategy - INFO - Updated Moving Average Crossover strategy parameters: {'weight': 0.4}
2025-05-09 23:30:31,451 - strategy - INFO - Updated RSI Mean Reversion strategy parameters: {'weight': 0.2}
2025-05-09 23:30:32,813 - strategy - ERROR - Error applying sentiment filter: 'str' object has no attribute 'get'
2025-05-09 23:30:34,342 - strategy - ERROR - Error applying sentiment filter: 'str' object has no attribute 'get'
2025-05-09 23:30:37,172 - strategy - ERROR - Error applying sentiment filter: 'str' object has no attribute 'get'
2025-05-09 23:30:38,499 - strategy - INFO - Updated Hybrid Voting strategy parameters: {'ma_crossover_weight': 0.1, 'rsi_mean_reversion_weight': 2.0, 'voting_threshold': 0.8500000000000001, 'profit_target': 0.004, 'stop_loss': 0.002}
2025-05-09 23:30:38,499 - strategy - INFO - Updated Moving Average Crossover strategy parameters: {'weight': 0.1}
2025-05-09 23:30:38,499 - strategy - INFO - Updated RSI Mean Reversion strategy parameters: {'weight': 2.0}
2025-05-09 23:30:39,765 - strategy - ERROR - Error applying sentiment filter: 'str' object has no attribute 'get'
2025-05-09 23:30:42,868 - strategy - ERROR - Error applying sentiment filter: 'str' object has no attribute 'get'
2025-05-09 23:30:47,666 - strategy - ERROR - Error applying sentiment filter: 'str' object has no attribute 'get'
2025-05-09 23:30:50,289 - strategy - INFO - Updated Hybrid Voting strategy parameters: {'ma_crossover_weight': 0.4, 'rsi_mean_reversion_weight': 0.7000000000000001, 'voting_threshold': 0.7, 'profit_target': 0.006, 'stop_loss': 0.0025}
2025-05-09 23:30:50,289 - strategy - INFO - Updated Moving Average Crossover strategy parameters: {'weight': 0.4}
2025-05-09 23:30:50,289 - strategy - INFO - Updated RSI Mean Reversion strategy parameters: {'weight': 0.7000000000000001}
2025-05-09 23:30:51,970 - strategy - ERROR - Error applying sentiment filter: 'str' object has no attribute 'get'
2025-05-09 23:30:53,936 - strategy - ERROR - Error applying sentiment filter: 'str' object has no attribute 'get'
2025-05-09 23:30:57,080 - strategy - ERROR - Error applying sentiment filter: 'str' object has no attribute 'get'
2025-05-09 23:30:58,006 - strategy - INFO - Updated Hybrid Voting strategy parameters: {'ma_crossover_weight': 1.3000000000000003, 'rsi_mean_reversion_weight': 0.30000000000000004, 'voting_threshold': 0.6, 'profit_target': 0.005, 'stop_loss': 0.0035}
2025-05-09 23:30:58,006 - strategy - INFO - Updated Moving Average Crossover strategy parameters: {'weight': 1.3000000000000003}
2025-05-09 23:30:58,007 - strategy - INFO - Updated RSI Mean Reversion strategy parameters: {'weight': 0.30000000000000004}
2025-05-09 23:30:59,214 - strategy - ERROR - Error applying sentiment filter: 'str' object has no attribute 'get'
2025-05-09 23:31:01,403 - strategy - ERROR - Error applying sentiment filter: 'str' object has no attribute 'get'
2025-05-09 23:31:04,076 - strategy - ERROR - Error applying sentiment filter: 'str' object has no attribute 'get'
2025-05-09 23:32:10,057 - strategy - INFO - Initialized Hybrid Voting strategy with parameters: {'ma_crossover_weight': 1.0, 'rsi_mean_reversion_weight': 1.0, 'voting_threshold': 0.6, 'minimum_confirmation': 0.5, 'position_sizing_factor': 1.0, 'profit_target': 0.006, 'stop_loss': 0.003, 'trailing_stop': True, 'trailing_stop_activation': 0.002, 'trailing_stop_distance': 0.0015, 'atr_filter_period': 14, 'atr_filter_multiplier': 1.0, 'volatility_filter': True}
2025-05-09 23:32:10,057 - strategy - INFO - Initialized Moving Average Crossover strategy with parameters: {'fast_ma_period': 10, 'slow_ma_period': 50, 'ma_type': 'EMA', 'signal_threshold': 0.0, 'exit_after_bars': 20, 'profit_target': 0.005, 'stop_loss': 0.003, 'enable_trailing_stop': True, 'trailing_stop_activation': 0.002, 'trailing_stop_distance': 0.0015}
2025-05-09 23:32:10,057 - strategy - INFO - Initialized RSI Mean Reversion strategy with parameters: {'rsi_period': 14, 'overbought_threshold': 70, 'oversold_threshold': 30, 'mean_period': 200, 'counter_trend_factor': 1.5, 'exit_rsi_level': 50, 'profit_target': 0.004, 'stop_loss': 0.002, 'max_holding_period': 15, 'confirmation_candles': 2}
2025-05-09 23:32:12,095 - strategy - ERROR - Error applying sentiment filter: 'str' object has no attribute 'get'
2025-05-09 23:32:14,848 - strategy - ERROR - Error applying sentiment filter: 'str' object has no attribute 'get'
2025-05-09 23:32:21,751 - strategy - ERROR - Error applying sentiment filter: 'str' object has no attribute 'get'
2025-05-09 23:35:25,946 - strategy - INFO - Initialized Hybrid Voting strategy with parameters: {'ma_crossover_weight': 1.0, 'rsi_mean_reversion_weight': 1.0, 'voting_threshold': 0.6, 'minimum_confirmation': 0.5, 'position_sizing_factor': 1.0, 'profit_target': 0.006, 'stop_loss': 0.003, 'trailing_stop': True, 'trailing_stop_activation': 0.002, 'trailing_stop_distance': 0.0015, 'atr_filter_period': 14, 'atr_filter_multiplier': 1.0, 'volatility_filter': True}
2025-05-09 23:35:25,946 - strategy - INFO - Initialized Moving Average Crossover strategy with parameters: {'fast_ma_period': 10, 'slow_ma_period': 50, 'ma_type': 'EMA', 'signal_threshold': 0.0, 'exit_after_bars': 20, 'profit_target': 0.005, 'stop_loss': 0.003, 'enable_trailing_stop': True, 'trailing_stop_activation': 0.002, 'trailing_stop_distance': 0.0015}
2025-05-09 23:35:25,946 - strategy - INFO - Initialized RSI Mean Reversion strategy with parameters: {'rsi_period': 14, 'overbought_threshold': 70, 'oversold_threshold': 30, 'mean_period': 200, 'counter_trend_factor': 1.5, 'exit_rsi_level': 50, 'profit_target': 0.004, 'stop_loss': 0.002, 'max_holding_period': 15, 'confirmation_candles': 2}
2025-05-09 23:35:28,685 - strategy - ERROR - Error applying sentiment filter: 'str' object has no attribute 'get'
2025-05-09 23:35:31,752 - strategy - ERROR - Error applying sentiment filter: 'str' object has no attribute 'get'
2025-05-09 23:35:38,068 - strategy - ERROR - Error applying sentiment filter: 'str' object has no attribute 'get'
2025-05-09 23:56:40,813 - strategy - INFO - Initialized Hybrid Voting strategy with parameters: {'ma_crossover_weight': 1.0, 'rsi_mean_reversion_weight': 1.0, 'voting_threshold': 0.3, 'minimum_confirmation': 0.3, 'position_sizing_factor': 1.0, 'profit_target': 0.005, 'stop_loss': 0.002, 'trailing_stop': True, 'trailing_stop_activation': 0.002, 'trailing_stop_distance': 0.001, 'atr_filter_period': 14, 'atr_filter_multiplier': 0.7, 'volatility_filter': False}
2025-05-09 23:56:40,814 - strategy - INFO - Initialized Moving Average Crossover strategy with parameters: {'fast_ma_period': 8, 'slow_ma_period': 21, 'ma_type': 'EMA', 'signal_threshold': 0.0, 'exit_after_bars': 20, 'profit_target': 0.004, 'stop_loss': 0.002, 'enable_trailing_stop': True, 'trailing_stop_activation': 0.001, 'trailing_stop_distance': 0.0015}
2025-05-09 23:56:40,815 - strategy - INFO - Initialized RSI Mean Reversion strategy with parameters: {'rsi_period': 7, 'overbought_threshold': 70, 'oversold_threshold': 30, 'mean_period': 100, 'counter_trend_factor': 1.0, 'exit_rsi_level': 50, 'profit_target': 0.004, 'stop_loss': 0.002, 'max_holding_period': 15, 'confirmation_candles': 1}
2025-05-09 23:56:42,374 - strategy - ERROR - Error applying sentiment filter: 'str' object has no attribute 'get'
2025-05-09 23:56:44,147 - strategy - ERROR - Error applying sentiment filter: 'str' object has no attribute 'get'
2025-05-09 23:56:47,170 - strategy - ERROR - Error applying sentiment filter: 'str' object has no attribute 'get'
